Using pre-set license
Built from '2022.3/staging' branch; Version is '2022.3.3f1 (7cdc2969a641) revision 8182825'; Using compiler version '192829333'; Build Type 'Release'
OS: 'Windows 10  (10.0.18363) 64bit Professional' Language: 'tr' Physical Memory: 16242 MB
BatchMode: 1, IsHumanControllingUs: 0, StartBugReporterOnCrash: 0, Is64bit: 1, IsPro: 1

COMMAND LINE ARGUMENTS:
C:\Program Files\Unity\Hub\Editor\2022.3.3f1\Editor\Unity.exe
-adb2
-batchMode
-noUpm
-name
AssetImportWorker2
-projectPath
C:/oyunlar/NoSurrenderDude
-logFile
Logs/AssetImportWorker2.log
-srvPort
52420
Successfully changed project path to: C:/oyunlar/NoSurrenderDude
C:/oyunlar/NoSurrenderDude
[UnityMemory] Configuration Parameters - Can be set up in boot.config
    "memorysetup-bucket-allocator-granularity=16"
    "memorysetup-bucket-allocator-bucket-count=8"
    "memorysetup-bucket-allocator-block-size=33554432"
    "memorysetup-bucket-allocator-block-count=8"
    "memorysetup-main-allocator-block-size=16777216"
    "memorysetup-thread-allocator-block-size=16777216"
    "memorysetup-gfx-main-allocator-block-size=16777216"
    "memorysetup-gfx-thread-allocator-block-size=16777216"
    "memorysetup-cache-allocator-block-size=4194304"
    "memorysetup-typetree-allocator-block-size=2097152"
    "memorysetup-profiler-bucket-allocator-granularity=16"
    "memorysetup-profiler-bucket-allocator-bucket-count=8"
    "memorysetup-profiler-bucket-allocator-block-size=33554432"
    "memorysetup-profiler-bucket-allocator-block-count=8"
    "memorysetup-profiler-allocator-block-size=16777216"
    "memorysetup-profiler-editor-allocator-block-size=1048576"
    "memorysetup-temp-allocator-size-main=16777216"
    "memorysetup-job-temp-allocator-block-size=2097152"
    "memorysetup-job-temp-allocator-block-size-background=1048576"
    "memorysetup-job-temp-allocator-reduction-small-platforms=262144"
    "memorysetup-allocator-temp-initial-block-size-main=262144"
    "memorysetup-allocator-temp-initial-block-size-worker=262144"
    "memorysetup-temp-allocator-size-background-worker=32768"
    "memorysetup-temp-allocator-size-job-worker=262144"
    "memorysetup-temp-allocator-size-preload-manager=33554432"
    "memorysetup-temp-allocator-size-nav-mesh-worker=65536"
    "memorysetup-temp-allocator-size-audio-worker=65536"
    "memorysetup-temp-allocator-size-cloud-worker=32768"
    "memorysetup-temp-allocator-size-gi-baking-worker=262144"
    "memorysetup-temp-allocator-size-gfx=262144"
Player connection [21124] Host "[IP] 192.168.1.12 [Port] 0 [Flags] 2 [Guid] 4060715954 [EditorId] 4060715954 [Version] 1048832 [Id] WindowsEditor(7,DESKTOP-FE3P650) [Debug] 1 [PackageName] WindowsEditor [ProjectName] Editor" joined multi-casting on [225.0.0.222:54997]...

Player connection [21124] Host "[IP] 192.168.1.12 [Port] 0 [Flags] 2 [Guid] 4060715954 [EditorId] 4060715954 [Version] 1048832 [Id] WindowsEditor(7,DESKTOP-FE3P650) [Debug] 1 [PackageName] WindowsEditor [ProjectName] Editor" joined alternative multi-casting on [225.0.0.222:34997]...

Refreshing native plugins compatible for Editor in 8.02 ms, found 3 plugins.
Preloading 0 native plugins for Editor in 0.00 ms.
Initialize engine version: 2022.3.3f1 (7cdc2969a641)
[Subsystems] Discovering subsystems at path C:/Program Files/Unity/Hub/Editor/2022.3.3f1/Editor/Data/Resources/UnitySubsystems
[Subsystems] Discovering subsystems at path C:/oyunlar/NoSurrenderDude/Assets
GfxDevice: creating device client; threaded=0; jobified=0
Direct3D:
    Version:  Direct3D 11.0 [level 11.1]
    Renderer: NVIDIA GeForce GTX 1650 (ID=0x1f91)
    Vendor:   NVIDIA
    VRAM:     3962 MB
    Driver:   30.0.15.1289
Initialize mono
Mono path[0] = 'C:/Program Files/Unity/Hub/Editor/2022.3.3f1/Editor/Data/Managed'
Mono path[1] = 'C:/Program Files/Unity/Hub/Editor/2022.3.3f1/Editor/Data/MonoBleedingEdge/lib/mono/unityjit-win32'
Mono config path = 'C:/Program Files/Unity/Hub/Editor/2022.3.3f1/Editor/Data/MonoBleedingEdge/etc'
Using monoOptions --debugger-agent=transport=dt_socket,embedding=1,server=y,suspend=n,address=127.0.0.1:56712
Begin MonoManager ReloadAssembly
Registering precompiled unity dll's ...
Register platform support module: C:/Program Files/Unity/Hub/Editor/2022.3.3f1/Editor/Data/PlaybackEngines/WebGLSupport/UnityEditor.WebGL.Extensions.dll
Register platform support module: C:/Program Files/Unity/Hub/Editor/2022.3.3f1/Editor/Data/PlaybackEngines/AndroidPlayer/UnityEditor.Android.Extensions.dll
Register platform support module: C:/Program Files/Unity/Hub/Editor/2022.3.3f1/Editor/Data/PlaybackEngines/iOSSupport/UnityEditor.iOS.Extensions.dll
Register platform support module: C:/Program Files/Unity/Hub/Editor/2022.3.3f1/Editor/Data/PlaybackEngines/WindowsStandaloneSupport/UnityEditor.WindowsStandalone.Extensions.dll
Registered in 0.012086 seconds.
- Loaded All Assemblies, in  0.329 seconds
Native extension for WindowsStandalone target not found
[usbmuxd] Start listen thread
[usbmuxd] Listen thread started
Native extension for iOS target not found
Native extension for Android target not found
Android Extension - Scanning For ADB Devices 224 ms
Native extension for WebGL target not found
Mono: successfully reloaded assembly
- Finished resetting the current domain, in  0.526 seconds
Domain Reload Profiling: 854ms
	BeginReloadAssembly (87ms)
		ExecutionOrderSort (0ms)
		DisableScriptedObjects (0ms)
		BackupInstance (0ms)
		ReleaseScriptingObjects (0ms)
		CreateAndSetChildDomain (1ms)
	RebuildCommonClasses (33ms)
	RebuildNativeTypeToScriptingClass (11ms)
	initialDomainReloadingComplete (60ms)
	LoadAllAssembliesAndSetupDomain (136ms)
		LoadAssemblies (85ms)
		RebuildTransferFunctionScriptingTraits (0ms)
		AnalyzeDomain (130ms)
			TypeCache.Refresh (129ms)
				TypeCache.ScanAssembly (119ms)
			ScanForSourceGeneratedMonoScriptInfo (0ms)
			ResolveRequiredComponents (0ms)
	FinalizeReload (527ms)
		ReleaseScriptCaches (0ms)
		RebuildScriptCaches (0ms)
		SetupLoadedEditorAssemblies (472ms)
			LogAssemblyErrors (0ms)
			InitializePlatformSupportModulesInManaged (335ms)
			SetLoadedEditorAssemblies (4ms)
			RefreshPlugins (0ms)
			BeforeProcessingInitializeOnLoad (2ms)
			ProcessInitializeOnLoadAttributes (89ms)
			ProcessInitializeOnLoadMethodAttributes (43ms)
			AfterProcessingInitializeOnLoad (0ms)
			EditorAssembliesLoaded (0ms)
		ExecutionOrderSort2 (0ms)
		AwakeInstancesAfterBackupRestoration (0ms)
========================================================================
Worker process is ready to serve import requests
Begin MonoManager ReloadAssembly
Symbol file LoadedFromMemory doesn't match image C:\oyunlar\NoSurrenderDude\Library\PackageCache\com.unity.visualscripting@1.8.0\Editor\VisualScripting.Core\Dependencies\YamlDotNet\Unity.VisualScripting.YamlDotNet.dll
Symbol file LoadedFromMemory doesn't match image C:\oyunlar\NoSurrenderDude\Library\PackageCache\com.unity.visualscripting@1.8.0\Editor\VisualScripting.Core\Dependencies\DotNetZip\Unity.VisualScripting.IonicZip.dll
- Loaded All Assemblies, in  0.771 seconds
Refreshing native plugins compatible for Editor in 3.04 ms, found 3 plugins.
Native extension for WindowsStandalone target not found
Native extension for iOS target not found
Native extension for Android target not found
Native extension for WebGL target not found
Mono: successfully reloaded assembly
- Finished resetting the current domain, in  0.540 seconds
Domain Reload Profiling: 1308ms
	BeginReloadAssembly (121ms)
		ExecutionOrderSort (0ms)
		DisableScriptedObjects (7ms)
		BackupInstance (0ms)
		ReleaseScriptingObjects (0ms)
		CreateAndSetChildDomain (20ms)
	RebuildCommonClasses (30ms)
	RebuildNativeTypeToScriptingClass (10ms)
	initialDomainReloadingComplete (38ms)
	LoadAllAssembliesAndSetupDomain (568ms)
		LoadAssemblies (258ms)
		RebuildTransferFunctionScriptingTraits (0ms)
		AnalyzeDomain (364ms)
			TypeCache.Refresh (342ms)
				TypeCache.ScanAssembly (327ms)
			ScanForSourceGeneratedMonoScriptInfo (17ms)
			ResolveRequiredComponents (5ms)
	FinalizeReload (540ms)
		ReleaseScriptCaches (0ms)
		RebuildScriptCaches (0ms)
		SetupLoadedEditorAssemblies (360ms)
			LogAssemblyErrors (0ms)
			InitializePlatformSupportModulesInManaged (38ms)
			SetLoadedEditorAssemblies (4ms)
			RefreshPlugins (0ms)
			BeforeProcessingInitializeOnLoad (60ms)
			ProcessInitializeOnLoadAttributes (232ms)
			ProcessInitializeOnLoadMethodAttributes (19ms)
			AfterProcessingInitializeOnLoad (7ms)
			EditorAssembliesLoaded (0ms)
		ExecutionOrderSort2 (0ms)
		AwakeInstancesAfterBackupRestoration (7ms)
Launched and connected shader compiler UnityShaderCompiler.exe after 0.04 seconds
Refreshing native plugins compatible for Editor in 2.72 ms, found 3 plugins.
Preloading 0 native plugins for Editor in 0.00 ms.
Unloading 3134 Unused Serialized files (Serialized files now loaded: 0)
Unloading 31 unused Assets / (56.5 KB). Loaded Objects now: 3603.
Memory consumption went from 126.7 MB to 126.6 MB.
Total: 3.024300 ms (FindLiveObjects: 0.224400 ms CreateObjectMapping: 0.157900 ms MarkObjects: 2.553900 ms  DeleteObjects: 0.087400 ms)

AssetImportParameters requested are different than current active one (requested -> active):
  custom:container-demuxer-ogg: 62fdf1f143b41e24485cea50d1cbac27 -> 
  custom:video-decoder-ogg-theora: a1e56fd34408186e4bbccfd4996cb3dc -> 
  custom:framework-win-MediaFoundation: 216162199b28c13a410421893ffa2e32 -> 
  custom:container-demuxer-webm: 4f35f7cbe854078d1ac9338744f61a02 -> 
  custom:container-muxer-webm: aa71ff27fc2769a1b78a27578f13a17b -> 
  custom:video-decoder-webm-vp8: 9c59270c3fd7afecdb556c50c9e8de78 -> 
  custom:AudioImporter_EditorPlatform: d09bf68614088b80899f8185d706f6e7 -> 
  custom:video-encoder-webm-vp8: eb34c28f22e8b96e1ab97ce403110664 -> 
  custom:audio-decoder-ogg-vorbis: bf7c407c2cedff20999df2af8eb42d56 -> 
  custom:audio-encoder-webm-vorbis: bf7c407c2cedff20999df2af8eb42d56 -> 
========================================================================
Received Import Request.
  Time since last request: 19074.533940 seconds.
  path: Assets/Sweet Land GUI/Sprites/Buttons/60px/Button_Circle_Yellow_60px.png
  artifactKey: Guid(fb1f60dcf07e0e845b2dd617b3b691da) Importer(815301076,1909f56bfc062723c751e8b465ee728b)
Start importing Assets/Sweet Land GUI/Sprites/Buttons/60px/Button_Circle_Yellow_60px.png using Guid(fb1f60dcf07e0e845b2dd617b3b691da) Importer(815301076,1909f56bfc062723c751e8b465ee728b)  -> (artifact id: 'f1b0fae556a7a1fc2b7c3b9cd22df688') in 0.076045 seconds
Number of updated asset objects reloaded before import = 0
Number of asset objects unloaded after import = 3
========================================================================
Received Import Request.
  Time since last request: 0.000016 seconds.
  path: Assets/Sweet Land GUI/Sprites/Buttons/60px/Button_Honeycomb_Pink_60px.png
  artifactKey: Guid(cd7a9dc9d7231544497df5d010d1547d) Importer(815301076,1909f56bfc062723c751e8b465ee728b)
Start importing Assets/Sweet Land GUI/Sprites/Buttons/60px/Button_Honeycomb_Pink_60px.png using Guid(cd7a9dc9d7231544497df5d010d1547d) Importer(815301076,1909f56bfc062723c751e8b465ee728b)  -> (artifact id: '3f11fc7b562654404c1e162bd654a830') in 0.008419 seconds
Number of updated asset objects reloaded before import = 0
Number of asset objects unloaded after import = 3
========================================================================
Received Import Request.
  Time since last request: 1.048221 seconds.
  path: Assets/Sweet Land GUI/Sprites/Buttons/60px/Button_Honeycomb_Red_60px.png
  artifactKey: Guid(4a9e1b8f5ca770b4da9e597e5b8e15eb) Importer(815301076,1909f56bfc062723c751e8b465ee728b)
Start importing Assets/Sweet Land GUI/Sprites/Buttons/60px/Button_Honeycomb_Red_60px.png using Guid(4a9e1b8f5ca770b4da9e597e5b8e15eb) Importer(815301076,1909f56bfc062723c751e8b465ee728b)  -> (artifact id: '47df3c68b780575afccba7888803428e') in 0.008587 seconds
Number of updated asset objects reloaded before import = 0
Number of asset objects unloaded after import = 3
========================================================================
Received Import Request.
  Time since last request: 0.041622 seconds.
  path: Assets/Sweet Land GUI/Sprites/Buttons/250px/Button_Square_Orange_250px.png
  artifactKey: Guid(1f07d727fcb40f347b8bb272ecfe734a) Importer(815301076,1909f56bfc062723c751e8b465ee728b)
Start importing Assets/Sweet Land GUI/Sprites/Buttons/250px/Button_Square_Orange_250px.png using Guid(1f07d727fcb40f347b8bb272ecfe734a) Importer(815301076,1909f56bfc062723c751e8b465ee728b)  -> (artifact id: 'f3dc643809cd8a8f9a605df528bc2243') in 0.010261 seconds
Number of updated asset objects reloaded before import = 0
Number of asset objects unloaded after import = 3
========================================================================
Received Import Request.
  Time since last request: 0.000013 seconds.
  path: Assets/Sweet Land GUI/Sprites/Buttons/250px/Button_Square_Red_250px.png
  artifactKey: Guid(823f604ed7828444789ba54e0a454587) Importer(815301076,1909f56bfc062723c751e8b465ee728b)
Start importing Assets/Sweet Land GUI/Sprites/Buttons/250px/Button_Square_Red_250px.png using Guid(823f604ed7828444789ba54e0a454587) Importer(815301076,1909f56bfc062723c751e8b465ee728b)  -> (artifact id: '7bc4a15dd043e1c9963676d05f61654e') in 0.009815 seconds
Number of updated asset objects reloaded before import = 0
Number of asset objects unloaded after import = 3
========================================================================
Received Import Request.
  Time since last request: 0.000018 seconds.
  path: Assets/Sweet Land GUI/Sprites/Buttons/60px/Button_Trapezoid_Pink_60px.png
  artifactKey: Guid(0b579d927209cee45b5bfd42c4cb9bcd) Importer(815301076,1909f56bfc062723c751e8b465ee728b)
Start importing Assets/Sweet Land GUI/Sprites/Buttons/60px/Button_Trapezoid_Pink_60px.png using Guid(0b579d927209cee45b5bfd42c4cb9bcd) Importer(815301076,1909f56bfc062723c751e8b465ee728b)  -> (artifact id: '3c3d99c088ed771856f62968c63418be') in 0.008668 seconds
Number of updated asset objects reloaded before import = 0
Number of asset objects unloaded after import = 3
========================================================================
Received Import Request.
  Time since last request: 0.000052 seconds.
  path: Assets/Sweet Land GUI/Sprites/Buttons/60px/Button_Trapezoid_Orange_60px.png
  artifactKey: Guid(ca44b60a08e2772479fe2fdd1dddd46d) Importer(815301076,1909f56bfc062723c751e8b465ee728b)
Start importing Assets/Sweet Land GUI/Sprites/Buttons/60px/Button_Trapezoid_Orange_60px.png using Guid(ca44b60a08e2772479fe2fdd1dddd46d) Importer(815301076,1909f56bfc062723c751e8b465ee728b)  -> (artifact id: '4fefb2f7e419c74439adf214d4bf7fdd') in 0.007092 seconds
Number of updated asset objects reloaded before import = 0
Number of asset objects unloaded after import = 3
========================================================================
Received Import Request.
  Time since last request: 0.015371 seconds.
  path: Assets/Sweet Land GUI/Sprites/Buttons/60px/Button_Trapezoid_Red_60px.png
  artifactKey: Guid(d5193c595344ab2429d7d4f47f5b9263) Importer(815301076,1909f56bfc062723c751e8b465ee728b)
Start importing Assets/Sweet Land GUI/Sprites/Buttons/60px/Button_Trapezoid_Red_60px.png using Guid(d5193c595344ab2429d7d4f47f5b9263) Importer(815301076,1909f56bfc062723c751e8b465ee728b)  -> (artifact id: '33c11b9575d0e1dc7d7c40ae4b4030df') in 0.007790 seconds
Number of updated asset objects reloaded before import = 0
Number of asset objects unloaded after import = 3
========================================================================
Received Import Request.
  Time since last request: 0.000016 seconds.
  path: Assets/Sweet Land GUI/Sprites/Buttons/250px/Button_Trapezoid_White_250px.png
  artifactKey: Guid(5c4bdad1bb7469f4ab2dd383979f903e) Importer(815301076,1909f56bfc062723c751e8b465ee728b)
Start importing Assets/Sweet Land GUI/Sprites/Buttons/250px/Button_Trapezoid_White_250px.png using Guid(5c4bdad1bb7469f4ab2dd383979f903e) Importer(815301076,1909f56bfc062723c751e8b465ee728b)  -> (artifact id: '691373feec4d3e39646fda7676c5e910') in 0.010345 seconds
Number of updated asset objects reloaded before import = 0
Number of asset objects unloaded after import = 3
========================================================================
Received Import Request.
  Time since last request: 0.019006 seconds.
  path: Assets/DavePixel/PirateCoin/Textures/Silver/Coin_Low_lambert1_BaseColor.png
  artifactKey: Guid(4dc76efa630e87945b8768bc5eb13906) Importer(815301076,1909f56bfc062723c751e8b465ee728b)
Start importing Assets/DavePixel/PirateCoin/Textures/Silver/Coin_Low_lambert1_BaseColor.png using Guid(4dc76efa630e87945b8768bc5eb13906) Importer(815301076,1909f56bfc062723c751e8b465ee728b)  -> (artifact id: 'caefa35ab9088964d5c9459886bd5e2c') in 0.009475 seconds
Number of updated asset objects reloaded before import = 0
Number of asset objects unloaded after import = 2
========================================================================
Received Import Request.
  Time since last request: 0.000016 seconds.
  path: Assets/DavePixel/PirateCoin/Textures/Silver/Coin_Low_lambert1_Metallic.png
  artifactKey: Guid(72f10bff6e1d5824798e4fd0bd13eb00) Importer(815301076,1909f56bfc062723c751e8b465ee728b)
Start importing Assets/DavePixel/PirateCoin/Textures/Silver/Coin_Low_lambert1_Metallic.png using Guid(72f10bff6e1d5824798e4fd0bd13eb00) Importer(815301076,1909f56bfc062723c751e8b465ee728b)  -> (artifact id: 'a3e5f22fe43c1d46666c43bd1f3412bc') in 0.009013 seconds
Number of updated asset objects reloaded before import = 0
Number of asset objects unloaded after import = 2
========================================================================
Received Import Request.
  Time since last request: 0.000025 seconds.
  path: Assets/DavePixel/PirateCoin/Textures/Gold/Coin_Low_lambert1_Height.png
  artifactKey: Guid(23f84244abefde9409d25861088b5e66) Importer(815301076,1909f56bfc062723c751e8b465ee728b)
Start importing Assets/DavePixel/PirateCoin/Textures/Gold/Coin_Low_lambert1_Height.png using Guid(23f84244abefde9409d25861088b5e66) Importer(815301076,1909f56bfc062723c751e8b465ee728b)  -> (artifact id: '58f7703141a04bf20530f5c0d03d6a8b') in 0.005213 seconds
Number of updated asset objects reloaded before import = 0
Number of asset objects unloaded after import = 2
========================================================================
Received Import Request.
  Time since last request: 0.017896 seconds.
  path: Assets/DavePixel/PirateCoin/Textures/DarkGold/Coin_Low_lambert1_Normal.png
  artifactKey: Guid(6bb47df71a2273442b68caf761e37917) Importer(815301076,1909f56bfc062723c751e8b465ee728b)
Start importing Assets/DavePixel/PirateCoin/Textures/DarkGold/Coin_Low_lambert1_Normal.png using Guid(6bb47df71a2273442b68caf761e37917) Importer(815301076,1909f56bfc062723c751e8b465ee728b)  -> (artifact id: '4df24404bb449e573c0040ee695d801f') in 0.006424 seconds
Number of updated asset objects reloaded before import = 0
Number of asset objects unloaded after import = 2
========================================================================
Received Import Request.
  Time since last request: 0.000101 seconds.
  path: Assets/DavePixel/PirateCoin/Textures/Gold/Coin_Low_lambert1_Roughness.png
  artifactKey: Guid(946a86598bec1524fb86f214946890c7) Importer(815301076,1909f56bfc062723c751e8b465ee728b)
Start importing Assets/DavePixel/PirateCoin/Textures/Gold/Coin_Low_lambert1_Roughness.png using Guid(946a86598bec1524fb86f214946890c7) Importer(815301076,1909f56bfc062723c751e8b465ee728b)  -> (artifact id: 'a6a57b5655c984a4df76968e4ad78d67') in 0.009313 seconds
Number of updated asset objects reloaded before import = 0
Number of asset objects unloaded after import = 2
========================================================================
Received Import Request.
  Time since last request: 0.000016 seconds.
  path: Assets/DavePixel/PirateCoin/Textures/Silver/Coin_Low_lambert1_Roughness.png
  artifactKey: Guid(463f3dc5fff34ad41918e6a46194112f) Importer(815301076,1909f56bfc062723c751e8b465ee728b)
Start importing Assets/DavePixel/PirateCoin/Textures/Silver/Coin_Low_lambert1_Roughness.png using Guid(463f3dc5fff34ad41918e6a46194112f) Importer(815301076,1909f56bfc062723c751e8b465ee728b)  -> (artifact id: '80c0a2889b42d5c8cfa41f7836a0676d') in 0.005481 seconds
Number of updated asset objects reloaded before import = 0
Number of asset objects unloaded after import = 2
========================================================================
Received Import Request.
  Time since last request: 0.017708 seconds.
  path: Assets/DavePixel/PirateCoin HDRP/Textures/DarkGold/DarkGold_BaseMap.png
  artifactKey: Guid(65c59d9941f77ac4aa9b3e1eb15308d6) Importer(815301076,1909f56bfc062723c751e8b465ee728b)
Start importing Assets/DavePixel/PirateCoin HDRP/Textures/DarkGold/DarkGold_BaseMap.png using Guid(65c59d9941f77ac4aa9b3e1eb15308d6) Importer(815301076,1909f56bfc062723c751e8b465ee728b)  -> (artifact id: 'f4f65ddfd5dfc0bf0b3a398fbb8e958a') in 0.007731 seconds
Number of updated asset objects reloaded before import = 0
Number of asset objects unloaded after import = 2
========================================================================
Received Import Request.
  Time since last request: 0.000094 seconds.
  path: Assets/TextMesh Pro/Examples & Extras/Sprites/Default Sprites.png
  artifactKey: Guid(a0fc465d6cf04254a2938578735e2383) Importer(815301076,1909f56bfc062723c751e8b465ee728b)
Start importing Assets/TextMesh Pro/Examples & Extras/Sprites/Default Sprites.png using Guid(a0fc465d6cf04254a2938578735e2383) Importer(815301076,1909f56bfc062723c751e8b465ee728b)  -> (artifact id: 'f9690deda7717e452078977974286498') in 0.006745 seconds
Number of updated asset objects reloaded before import = 0
Number of asset objects unloaded after import = 2
========================================================================
Received Import Request.
  Time since last request: 0.022363 seconds.
  path: Assets/TextMesh Pro/Examples & Extras/Sprites/DropCap Numbers.psd
  artifactKey: Guid(fd09957580ac4326916010f1f260975b) Importer(815301076,1909f56bfc062723c751e8b465ee728b)
Start importing Assets/TextMesh Pro/Examples & Extras/Sprites/DropCap Numbers.psd using Guid(fd09957580ac4326916010f1f260975b) Importer(815301076,1909f56bfc062723c751e8b465ee728b)  -> (artifact id: '4dee8881555e1b0609e490383892aaf4') in 0.008816 seconds
Number of updated asset objects reloaded before import = 0
Number of asset objects unloaded after import = 2
========================================================================
Received Import Request.
  Time since last request: 0.028734 seconds.
  path: Assets/Sweet Land GUI/Sprites/Scales/Empty_Circle_250px.png
  artifactKey: Guid(327c74d3cec455843af3e84bfa60a591) Importer(815301076,1909f56bfc062723c751e8b465ee728b)
Start importing Assets/Sweet Land GUI/Sprites/Scales/Empty_Circle_250px.png using Guid(327c74d3cec455843af3e84bfa60a591) Importer(815301076,1909f56bfc062723c751e8b465ee728b)  -> (artifact id: '54c36b890aa082ecc6dfef4a64aab361') in 0.008550 seconds
Number of updated asset objects reloaded before import = 0
Number of asset objects unloaded after import = 3
========================================================================
Received Import Request.
  Time since last request: 0.000035 seconds.
  path: Assets/Sweet Land GUI/Sprites/Scales/Empty_Trapezoid_60px.png
  artifactKey: Guid(43bdf6283aecc1746ba8783969c9b796) Importer(815301076,1909f56bfc062723c751e8b465ee728b)
Start importing Assets/Sweet Land GUI/Sprites/Scales/Empty_Trapezoid_60px.png using Guid(43bdf6283aecc1746ba8783969c9b796) Importer(815301076,1909f56bfc062723c751e8b465ee728b)  -> (artifact id: 'fb3f471a7830effe1d6a7cfe5f799499') in 0.009809 seconds
Number of updated asset objects reloaded before import = 0
Number of asset objects unloaded after import = 3
========================================================================
Received Import Request.
  Time since last request: 0.022766 seconds.
  path: Assets/Sweet Land GUI/Sprites/Scales/Empty_Trapezoid_250px.png
  artifactKey: Guid(5c301f0dc179bec45a26ef55adc4eb83) Importer(815301076,1909f56bfc062723c751e8b465ee728b)
Start importing Assets/Sweet Land GUI/Sprites/Scales/Empty_Trapezoid_250px.png using Guid(5c301f0dc179bec45a26ef55adc4eb83) Importer(815301076,1909f56bfc062723c751e8b465ee728b)  -> (artifact id: '8da58235ac8e70c50084e6f6f61ec186') in 0.010086 seconds
Number of updated asset objects reloaded before import = 0
Number of asset objects unloaded after import = 3
========================================================================
Received Import Request.
  Time since last request: 0.028232 seconds.
  path: Assets/TextMesh Pro/Examples & Extras/Fonts/Electronic Highway Sign.TTF
  artifactKey: Guid(8a2b9e2a607dd2143b58c44bc32410b4) Importer(815301076,1909f56bfc062723c751e8b465ee728b)
Start importing Assets/TextMesh Pro/Examples & Extras/Fonts/Electronic Highway Sign.TTF using Guid(8a2b9e2a607dd2143b58c44bc32410b4) Importer(815301076,1909f56bfc062723c751e8b465ee728b)  -> (artifact id: '982b6653d703c18de0e519e4e39e98c4') in 0.038606 seconds
Number of updated asset objects reloaded before import = 0
Number of asset objects unloaded after import = 4
========================================================================
Received Import Request.
  Time since last request: 0.006053 seconds.
  path: Assets/Sweet Land GUI/Sprites/Frames/250px/Frame_Border_Pink_250px.png
  artifactKey: Guid(22153ea0e86ef924a83c253ab2120c6c) Importer(815301076,1909f56bfc062723c751e8b465ee728b)
Start importing Assets/Sweet Land GUI/Sprites/Frames/250px/Frame_Border_Pink_250px.png using Guid(22153ea0e86ef924a83c253ab2120c6c) Importer(815301076,1909f56bfc062723c751e8b465ee728b)  -> (artifact id: '72a7368fdfc358ad86e1530bd99f4f32') in 0.008470 seconds
Number of updated asset objects reloaded before import = 0
Number of asset objects unloaded after import = 3
========================================================================
Received Import Request.
  Time since last request: 0.000045 seconds.
  path: Assets/Sweet Land GUI/Sprites/Frames/60px/Frame_Border_Yellow_60px.png
  artifactKey: Guid(de1307c63f4506c4484b1e45e2af5c04) Importer(815301076,1909f56bfc062723c751e8b465ee728b)
Start importing Assets/Sweet Land GUI/Sprites/Frames/60px/Frame_Border_Yellow_60px.png using Guid(de1307c63f4506c4484b1e45e2af5c04) Importer(815301076,1909f56bfc062723c751e8b465ee728b)  -> (artifact id: '996c62c853c65bd0237e245195287ef1') in 0.009866 seconds
Number of updated asset objects reloaded before import = 0
Number of asset objects unloaded after import = 3
========================================================================
Received Import Request.
  Time since last request: 0.000067 seconds.
  path: Assets/Sweet Land GUI/Sprites/Frames/60px/Frame_Border_White_60px.png
  artifactKey: Guid(4b107a880431ee143bfbedb6fe5a195c) Importer(815301076,1909f56bfc062723c751e8b465ee728b)
Start importing Assets/Sweet Land GUI/Sprites/Frames/60px/Frame_Border_White_60px.png using Guid(4b107a880431ee143bfbedb6fe5a195c) Importer(815301076,1909f56bfc062723c751e8b465ee728b)  -> (artifact id: '95f96c97d61ecb65838ced5492dfd2ed') in 0.006575 seconds
Number of updated asset objects reloaded before import = 0
Number of asset objects unloaded after import = 3
========================================================================
Received Import Request.
  Time since last request: 0.015378 seconds.
  path: Assets/Sweet Land GUI/Sprites/Frames/250px/Frame_Circle_Honey_250px.png
  artifactKey: Guid(215dbc69a41b1e141b8fdae00035f532) Importer(815301076,1909f56bfc062723c751e8b465ee728b)
Start importing Assets/Sweet Land GUI/Sprites/Frames/250px/Frame_Circle_Honey_250px.png using Guid(215dbc69a41b1e141b8fdae00035f532) Importer(815301076,1909f56bfc062723c751e8b465ee728b)  -> (artifact id: '6e49186726383c1964907b4214148571') in 0.010626 seconds
Number of updated asset objects reloaded before import = 0
Number of asset objects unloaded after import = 3
========================================================================
Received Import Request.
  Time since last request: 0.000034 seconds.
  path: Assets/Sweet Land GUI/Sprites/Frames/250px/Frame_Circle_Pink_250px.png
  artifactKey: Guid(7e688a3be1a2b6646b105ae94c99a284) Importer(815301076,1909f56bfc062723c751e8b465ee728b)
Start importing Assets/Sweet Land GUI/Sprites/Frames/250px/Frame_Circle_Pink_250px.png using Guid(7e688a3be1a2b6646b105ae94c99a284) Importer(815301076,1909f56bfc062723c751e8b465ee728b)  -> (artifact id: '4b932585499c2117b554bfc9525d1740') in 0.009419 seconds
Number of updated asset objects reloaded before import = 0
Number of asset objects unloaded after import = 3
========================================================================
Received Import Request.
  Time since last request: 0.019991 seconds.
  path: Assets/Sweet Land GUI/Sprites/Frames/250px/Frame_Circle_Red_250px.png
  artifactKey: Guid(271cc170caa51d7469f91eeb6dfa82aa) Importer(815301076,1909f56bfc062723c751e8b465ee728b)
Start importing Assets/Sweet Land GUI/Sprites/Frames/250px/Frame_Circle_Red_250px.png using Guid(271cc170caa51d7469f91eeb6dfa82aa) Importer(815301076,1909f56bfc062723c751e8b465ee728b)  -> (artifact id: 'ecb81f3ac6c867d0cbcfca6649ffc6c5') in 0.010070 seconds
Number of updated asset objects reloaded before import = 0
Number of asset objects unloaded after import = 3
========================================================================
Received Import Request.
  Time since last request: 0.027428 seconds.
  path: Assets/Sweet Land GUI/Sprites/Frames/250px/Frame_Circle_Yellow_250px.png
  artifactKey: Guid(a00e881b06d49f64a9a1a7e253440ecc) Importer(815301076,1909f56bfc062723c751e8b465ee728b)
Start importing Assets/Sweet Land GUI/Sprites/Frames/250px/Frame_Circle_Yellow_250px.png using Guid(a00e881b06d49f64a9a1a7e253440ecc) Importer(815301076,1909f56bfc062723c751e8b465ee728b)  -> (artifact id: '7433b4fec6358e46fb5a22c4c2febd4c') in 0.009665 seconds
Number of updated asset objects reloaded before import = 0
Number of asset objects unloaded after import = 3
========================================================================
Received Import Request.
  Time since last request: 3.314141 seconds.
  path: Assets/Sweet Land GUI/Sprites/Frames/250px/Frame_Honeycomb_Honey_250px.png
  artifactKey: Guid(4ccb9f941a6f9d3448dcf3f54c11f432) Importer(815301076,1909f56bfc062723c751e8b465ee728b)
Start importing Assets/Sweet Land GUI/Sprites/Frames/250px/Frame_Honeycomb_Honey_250px.png using Guid(4ccb9f941a6f9d3448dcf3f54c11f432) Importer(815301076,1909f56bfc062723c751e8b465ee728b)  -> (artifact id: '828ee34c4581991eeae1b67b250b2ef8') in 0.025715 seconds
Number of updated asset objects reloaded before import = 0
Number of asset objects unloaded after import = 3
========================================================================
Received Import Request.
  Time since last request: 0.060205 seconds.
  path: Assets/Sweet Land GUI/Sprites/Frames/250px/Frame_Honeycomb_Orange_250px.png
  artifactKey: Guid(fe8949392d87a5a489141cdc445ad5ca) Importer(815301076,1909f56bfc062723c751e8b465ee728b)
Start importing Assets/Sweet Land GUI/Sprites/Frames/250px/Frame_Honeycomb_Orange_250px.png using Guid(fe8949392d87a5a489141cdc445ad5ca) Importer(815301076,1909f56bfc062723c751e8b465ee728b)  -> (artifact id: 'a8a5cb57bcb66f262733620b38a78f6c') in 0.008419 seconds
Number of updated asset objects reloaded before import = 0
Number of asset objects unloaded after import = 3
========================================================================
Received Import Request.
  Time since last request: 0.034960 seconds.
  path: Assets/Sweet Land GUI/Sprites/Frames/250px/Frame_Honeycomb_Pink_250px.png
  artifactKey: Guid(67a231e4ec106774d8af6c69e2110632) Importer(815301076,1909f56bfc062723c751e8b465ee728b)
Start importing Assets/Sweet Land GUI/Sprites/Frames/250px/Frame_Honeycomb_Pink_250px.png using Guid(67a231e4ec106774d8af6c69e2110632) Importer(815301076,1909f56bfc062723c751e8b465ee728b)  -> (artifact id: 'ccb9f87471b3504695245931d93d16bf') in 0.009846 seconds
Number of updated asset objects reloaded before import = 0
Number of asset objects unloaded after import = 3
========================================================================
Received Import Request.
  Time since last request: 0.122592 seconds.
  path: Assets/Sweet Land GUI/Sprites/Frames/250px/Frame_Honeycomb_Red_250px.png
  artifactKey: Guid(6b92f7abaa90ca04d8a45f863352c7eb) Importer(815301076,1909f56bfc062723c751e8b465ee728b)
Start importing Assets/Sweet Land GUI/Sprites/Frames/250px/Frame_Honeycomb_Red_250px.png using Guid(6b92f7abaa90ca04d8a45f863352c7eb) Importer(815301076,1909f56bfc062723c751e8b465ee728b)  -> (artifact id: 'f2c4853532d2424c1747fb8ade7e79f5') in 0.010555 seconds
Number of updated asset objects reloaded before import = 0
Number of asset objects unloaded after import = 3
========================================================================
Received Import Request.
  Time since last request: 0.068230 seconds.
  path: Assets/Sweet Land GUI/Sprites/Frames/250px/Frame_Honeycomb_White_250px.png
  artifactKey: Guid(5530203a1dc07674ca3e1439deb8d2c4) Importer(815301076,1909f56bfc062723c751e8b465ee728b)
Start importing Assets/Sweet Land GUI/Sprites/Frames/250px/Frame_Honeycomb_White_250px.png using Guid(5530203a1dc07674ca3e1439deb8d2c4) Importer(815301076,1909f56bfc062723c751e8b465ee728b)  -> (artifact id: 'b0317706cbf985370d1b9ba0b93cee0d') in 0.010822 seconds
Number of updated asset objects reloaded before import = 0
Number of asset objects unloaded after import = 3
========================================================================
Received Import Request.
  Time since last request: 0.038701 seconds.
  path: Assets/Sweet Land GUI/Sprites/Frames/250px/Frame_Honeycomb_Yellow_250px.png
  artifactKey: Guid(51a95fff67727ce41b9be896fa77c2fc) Importer(815301076,1909f56bfc062723c751e8b465ee728b)
Start importing Assets/Sweet Land GUI/Sprites/Frames/250px/Frame_Honeycomb_Yellow_250px.png using Guid(51a95fff67727ce41b9be896fa77c2fc) Importer(815301076,1909f56bfc062723c751e8b465ee728b)  -> (artifact id: 'a02936a6dfa030ca23d0faad56298bdb') in 0.007253 seconds
Number of updated asset objects reloaded before import = 0
Number of asset objects unloaded after import = 3
========================================================================
Received Import Request.
  Time since last request: 0.037882 seconds.
  path: Assets/Sweet Land GUI/Sprites/Frames/250px/Frame_Square_Honey_250px.png
  artifactKey: Guid(5740ce6920a41bd4abb924ef16b7379a) Importer(815301076,1909f56bfc062723c751e8b465ee728b)
Start importing Assets/Sweet Land GUI/Sprites/Frames/250px/Frame_Square_Honey_250px.png using Guid(5740ce6920a41bd4abb924ef16b7379a) Importer(815301076,1909f56bfc062723c751e8b465ee728b)  -> (artifact id: '631d560b1b1f5db2ffa9ca768fa40a3e') in 0.008063 seconds
Number of updated asset objects reloaded before import = 0
Number of asset objects unloaded after import = 3
========================================================================
Received Import Request.
  Time since last request: 0.078498 seconds.
  path: Assets/Sweet Land GUI/Sprites/Frames/250px/Frame_Square_Pink_250px.png
  artifactKey: Guid(14a7e7425d330ec4ba6cf3dbdc0c36f2) Importer(815301076,1909f56bfc062723c751e8b465ee728b)
Start importing Assets/Sweet Land GUI/Sprites/Frames/250px/Frame_Square_Pink_250px.png using Guid(14a7e7425d330ec4ba6cf3dbdc0c36f2) Importer(815301076,1909f56bfc062723c751e8b465ee728b)  -> (artifact id: '06bbecafe032a8dde05eb2bca3d96f3a') in 0.008532 seconds
Number of updated asset objects reloaded before import = 0
Number of asset objects unloaded after import = 3
========================================================================
Received Import Request.
  Time since last request: 0.035972 seconds.
  path: Assets/Sweet Land GUI/Sprites/Frames/250px/Frame_Square_Red_250px.png
  artifactKey: Guid(23bedb961464d2b4092de591a9e6f7b2) Importer(815301076,1909f56bfc062723c751e8b465ee728b)
Start importing Assets/Sweet Land GUI/Sprites/Frames/250px/Frame_Square_Red_250px.png using Guid(23bedb961464d2b4092de591a9e6f7b2) Importer(815301076,1909f56bfc062723c751e8b465ee728b)  -> (artifact id: 'eca5db763b1422cdfdaa91dba6d43890') in 0.008155 seconds
Number of updated asset objects reloaded before import = 0
Number of asset objects unloaded after import = 3
========================================================================
Received Import Request.
  Time since last request: 0.000263 seconds.
  path: Assets/Sweet Land GUI/Sprites/Frames/60px/Frame_Square_Yellow_60px.png
  artifactKey: Guid(9dc4f1c47e63703488d54cf2f984f2fe) Importer(815301076,1909f56bfc062723c751e8b465ee728b)
Start importing Assets/Sweet Land GUI/Sprites/Frames/60px/Frame_Square_Yellow_60px.png using Guid(9dc4f1c47e63703488d54cf2f984f2fe) Importer(815301076,1909f56bfc062723c751e8b465ee728b)  -> (artifact id: '104cda406277447d5cd092077b029a7d') in 0.007478 seconds
Number of updated asset objects reloaded before import = 0
Number of asset objects unloaded after import = 3
========================================================================
Received Import Request.
  Time since last request: 0.062536 seconds.
  path: Assets/Sweet Land GUI/Sprites/Frames/250px/Frame_Square_Yellow_250px.png
  artifactKey: Guid(4eade859acaaaa64aa5d5e2fc5867f16) Importer(815301076,1909f56bfc062723c751e8b465ee728b)
Start importing Assets/Sweet Land GUI/Sprites/Frames/250px/Frame_Square_Yellow_250px.png using Guid(4eade859acaaaa64aa5d5e2fc5867f16) Importer(815301076,1909f56bfc062723c751e8b465ee728b)  -> (artifact id: '9dde9112d0b14c286b4f7e93624ba667') in 0.012487 seconds
Number of updated asset objects reloaded before import = 0
Number of asset objects unloaded after import = 3
========================================================================
Received Import Request.
  Time since last request: 0.065056 seconds.
  path: Assets/Sweet Land GUI/Sprites/Frames/250px/Frame_Trapezoid_Orange_250px.png
  artifactKey: Guid(b41357f0764f23649b768f8c9a301d97) Importer(815301076,1909f56bfc062723c751e8b465ee728b)
Start importing Assets/Sweet Land GUI/Sprites/Frames/250px/Frame_Trapezoid_Orange_250px.png using Guid(b41357f0764f23649b768f8c9a301d97) Importer(815301076,1909f56bfc062723c751e8b465ee728b)  -> (artifact id: 'a645a13f92f8ef4070488ed6893f6a33') in 0.007712 seconds
Number of updated asset objects reloaded before import = 0
Number of asset objects unloaded after import = 3
========================================================================
Received Import Request.
  Time since last request: 0.033744 seconds.
  path: Assets/Sweet Land GUI/Sprites/Frames/250px/Frame_Trapezoid_Pink_250px.png
  artifactKey: Guid(521472c64fc4b494180b7c41f25e21f2) Importer(815301076,1909f56bfc062723c751e8b465ee728b)
Start importing Assets/Sweet Land GUI/Sprites/Frames/250px/Frame_Trapezoid_Pink_250px.png using Guid(521472c64fc4b494180b7c41f25e21f2) Importer(815301076,1909f56bfc062723c751e8b465ee728b)  -> (artifact id: '6d21c9c90998922f4a20171af0ddb7b3') in 0.009921 seconds
Number of updated asset objects reloaded before import = 0
Number of asset objects unloaded after import = 3
========================================================================
Received Import Request.
  Time since last request: 0.064290 seconds.
  path: Assets/Sweet Land GUI/Sprites/Frames/250px/Frame_Trapezoid_White_250px.png
  artifactKey: Guid(ded19d0d721dc40429acf3d21af699e6) Importer(815301076,1909f56bfc062723c751e8b465ee728b)
Start importing Assets/Sweet Land GUI/Sprites/Frames/250px/Frame_Trapezoid_White_250px.png using Guid(ded19d0d721dc40429acf3d21af699e6) Importer(815301076,1909f56bfc062723c751e8b465ee728b)  -> (artifact id: 'd7433fe87e80fe926ef79bd4ac6d4832') in 0.008122 seconds
Number of updated asset objects reloaded before import = 0
Number of asset objects unloaded after import = 3
========================================================================
Received Import Request.
  Time since last request: 0.034927 seconds.
  path: Assets/Sweet Land GUI/Sprites/Frames/250px/Frame_Trapezoid_Yellow_250px.png
  artifactKey: Guid(a7c36dd7ecfa3604891e3dbc9dfe7c25) Importer(815301076,1909f56bfc062723c751e8b465ee728b)
Start importing Assets/Sweet Land GUI/Sprites/Frames/250px/Frame_Trapezoid_Yellow_250px.png using Guid(a7c36dd7ecfa3604891e3dbc9dfe7c25) Importer(815301076,1909f56bfc062723c751e8b465ee728b)  -> (artifact id: 'ed985e8aaed46d806ccfd72db8644f9f') in 0.008591 seconds
Number of updated asset objects reloaded before import = 0
Number of asset objects unloaded after import = 3
========================================================================
Received Import Request.
  Time since last request: 0.129921 seconds.
  path: Assets/DavePixel/PirateCoin HDRP/Textures/Gold/Gold_BaseMap.png
  artifactKey: Guid(5fbe78f5328444d42b2d5fc249b57875) Importer(815301076,1909f56bfc062723c751e8b465ee728b)
Start importing Assets/DavePixel/PirateCoin HDRP/Textures/Gold/Gold_BaseMap.png using Guid(5fbe78f5328444d42b2d5fc249b57875) Importer(815301076,1909f56bfc062723c751e8b465ee728b)  -> (artifact id: 'cc357e99545eeea9a18f4272018abe69') in 0.007613 seconds
Number of updated asset objects reloaded before import = 0
Number of asset objects unloaded after import = 2
========================================================================
Received Import Request.
  Time since last request: 0.000020 seconds.
  path: Assets/TextMesh Pro/Examples & Extras/Textures/Gradient Diagonal (Color).jpg
  artifactKey: Guid(2ce5c55e85304b819a1826ecbc839aa5) Importer(815301076,1909f56bfc062723c751e8b465ee728b)
Start importing Assets/TextMesh Pro/Examples & Extras/Textures/Gradient Diagonal (Color).jpg using Guid(2ce5c55e85304b819a1826ecbc839aa5) Importer(815301076,1909f56bfc062723c751e8b465ee728b)  -> (artifact id: '34071d51181809c64f81ccac120473b7') in 0.004687 seconds
Number of updated asset objects reloaded before import = 0
Number of asset objects unloaded after import = 2
========================================================================
Received Import Request.
  Time since last request: 0.068765 seconds.
  path: Assets/TextMesh Pro/Examples & Extras/Textures/Gradient Horizontal (Color).jpg
  artifactKey: Guid(6eb184de103d4b3f812b38561065192f) Importer(815301076,1909f56bfc062723c751e8b465ee728b)
Start importing Assets/TextMesh Pro/Examples & Extras/Textures/Gradient Horizontal (Color).jpg using Guid(6eb184de103d4b3f812b38561065192f) Importer(815301076,1909f56bfc062723c751e8b465ee728b)  -> (artifact id: '17fd98368a10a1fb594c32abc6700bca') in 0.005518 seconds
Number of updated asset objects reloaded before import = 0
Number of asset objects unloaded after import = 2
========================================================================
Received Import Request.
  Time since last request: 0.037740 seconds.
  path: Assets/Joystick Pack/Sprites/Handles/Handle_Outline.png
  artifactKey: Guid(085185b08a40a924985bc0e4176edea6) Importer(815301076,1909f56bfc062723c751e8b465ee728b)
Start importing Assets/Joystick Pack/Sprites/Handles/Handle_Outline.png using Guid(085185b08a40a924985bc0e4176edea6) Importer(815301076,1909f56bfc062723c751e8b465ee728b)  -> (artifact id: '85d4effdbaeae75a7d8328077225a7a3') in 0.010026 seconds
Number of updated asset objects reloaded before import = 0
Number of asset objects unloaded after import = 3
========================================================================
Received Import Request.
  Time since last request: 0.001186 seconds.
  path: Assets/Joystick Pack/Sprites/Handles/Handle_Plain.png
  artifactKey: Guid(010a6e5305fa7004f89c5d317b7b47d4) Importer(815301076,1909f56bfc062723c751e8b465ee728b)
Start importing Assets/Joystick Pack/Sprites/Handles/Handle_Plain.png using Guid(010a6e5305fa7004f89c5d317b7b47d4) Importer(815301076,1909f56bfc062723c751e8b465ee728b)  -> (artifact id: '64dac8e9f20480825650540468e8ed2e') in 0.011239 seconds
Number of updated asset objects reloaded before import = 0
Number of asset objects unloaded after import = 3
========================================================================
Received Import Request.
  Time since last request: 0.056006 seconds.
  path: Assets/Joystick Pack/Sprites/Handles/Handle_Ridged.png
  artifactKey: Guid(3a74f678ee8f3bd49aacf3de1ae4bcaa) Importer(815301076,1909f56bfc062723c751e8b465ee728b)
Start importing Assets/Joystick Pack/Sprites/Handles/Handle_Ridged.png using Guid(3a74f678ee8f3bd49aacf3de1ae4bcaa) Importer(815301076,1909f56bfc062723c751e8b465ee728b)  -> (artifact id: 'e37a756cfef9b25c361b19dc23796ed4') in 0.010844 seconds
Number of updated asset objects reloaded before import = 0
Number of asset objects unloaded after import = 3
========================================================================
Received Import Request.
  Time since last request: 0.000058 seconds.
  path: Assets/Joystick Pack/Sprites/Horizontal Backgrounds/Horizontal_Outline.png
  artifactKey: Guid(cd0a2c1b2c014ba4c80c1df786e150e9) Importer(815301076,1909f56bfc062723c751e8b465ee728b)
Start importing Assets/Joystick Pack/Sprites/Horizontal Backgrounds/Horizontal_Outline.png using Guid(cd0a2c1b2c014ba4c80c1df786e150e9) Importer(815301076,1909f56bfc062723c751e8b465ee728b)  -> (artifact id: 'af960eb574aef21999ae2611b963eb97') in 0.009709 seconds
Number of updated asset objects reloaded before import = 0
Number of asset objects unloaded after import = 3
========================================================================
Received Import Request.
  Time since last request: 0.076650 seconds.
  path: Assets/Joystick Pack/Sprites/Horizontal Backgrounds/Horizontal_Outline_Arrows.png
  artifactKey: Guid(7927b9032dc11e841af3f9a1353d7ecd) Importer(815301076,1909f56bfc062723c751e8b465ee728b)
Start importing Assets/Joystick Pack/Sprites/Horizontal Backgrounds/Horizontal_Outline_Arrows.png using Guid(7927b9032dc11e841af3f9a1353d7ecd) Importer(815301076,1909f56bfc062723c751e8b465ee728b)  -> (artifact id: 'ade49edb26abb6ec2b05329b2ae81a2b') in 0.007746 seconds
Number of updated asset objects reloaded before import = 0
Number of asset objects unloaded after import = 3
========================================================================
Received Import Request.
  Time since last request: 0.000013 seconds.
  path: Assets/Joystick Pack/Sprites/Horizontal Backgrounds/Horizontal_Ridged.png
  artifactKey: Guid(6304ad603f150b649b764d29bbc2a87b) Importer(815301076,1909f56bfc062723c751e8b465ee728b)
Start importing Assets/Joystick Pack/Sprites/Horizontal Backgrounds/Horizontal_Ridged.png using Guid(6304ad603f150b649b764d29bbc2a87b) Importer(815301076,1909f56bfc062723c751e8b465ee728b)  -> (artifact id: 'a3d533cdc9b28dd9b85c0a933b6ff17d') in 0.007607 seconds
Number of updated asset objects reloaded before import = 0
Number of asset objects unloaded after import = 3
========================================================================
Received Import Request.
  Time since last request: 0.060453 seconds.
  path: Assets/Joystick Pack/Sprites/Horizontal Backgrounds/Horizontal_Ridged_Arrows.png
  artifactKey: Guid(b8467ea5fbaf9ba42908de6411bd443d) Importer(815301076,1909f56bfc062723c751e8b465ee728b)
Start importing Assets/Joystick Pack/Sprites/Horizontal Backgrounds/Horizontal_Ridged_Arrows.png using Guid(b8467ea5fbaf9ba42908de6411bd443d) Importer(815301076,1909f56bfc062723c751e8b465ee728b)  -> (artifact id: '9d9cd119dfb9275266b7d03ad304e3ea') in 0.009470 seconds
Number of updated asset objects reloaded before import = 0
Number of asset objects unloaded after import = 3
========================================================================
Received Import Request.
  Time since last request: 2.161036 seconds.
  path: Assets/Sweet Land GUI/Sprites/Icons/Icon_Exit.png
  artifactKey: Guid(28f55185a3006934aa19ce36dc350b4b) Importer(815301076,1909f56bfc062723c751e8b465ee728b)
Start importing Assets/Sweet Land GUI/Sprites/Icons/Icon_Exit.png using Guid(28f55185a3006934aa19ce36dc350b4b) Importer(815301076,1909f56bfc062723c751e8b465ee728b)  -> (artifact id: '25c01b41290bdeb415ab5c1788aeee39') in 0.020307 seconds
Number of updated asset objects reloaded before import = 0
Number of asset objects unloaded after import = 3
========================================================================
Received Import Request.
  Time since last request: 0.069617 seconds.
  path: Assets/Sweet Land GUI/Sprites/Icons/Icon_Play.png
  artifactKey: Guid(85b6a6103f7a3e8499b4c0e7891dcb87) Importer(815301076,1909f56bfc062723c751e8b465ee728b)
Start importing Assets/Sweet Land GUI/Sprites/Icons/Icon_Play.png using Guid(85b6a6103f7a3e8499b4c0e7891dcb87) Importer(815301076,1909f56bfc062723c751e8b465ee728b)  -> (artifact id: '372e55ccaf524ef505c86857c5793962') in 0.010389 seconds
Number of updated asset objects reloaded before import = 0
Number of asset objects unloaded after import = 3
========================================================================
Received Import Request.
  Time since last request: 0.000015 seconds.
  path: Assets/Sweet Land GUI/Sprites/Joysticks/Joystick_Fire_Cookie.png
  artifactKey: Guid(13bcbe99f3f0c3c48837a45455d75f24) Importer(815301076,1909f56bfc062723c751e8b465ee728b)
Start importing Assets/Sweet Land GUI/Sprites/Joysticks/Joystick_Fire_Cookie.png using Guid(13bcbe99f3f0c3c48837a45455d75f24) Importer(815301076,1909f56bfc062723c751e8b465ee728b)  -> (artifact id: '44a49207cf23eabab44d25f50390665b') in 0.029905 seconds
Number of updated asset objects reloaded before import = 0
Number of asset objects unloaded after import = 3
========================================================================
Received Import Request.
  Time since last request: 0.000082 seconds.
  path: Assets/Sweet Land GUI/Sprites/Joysticks/Joystick_Walk_Cookie.png
  artifactKey: Guid(dc3403f5ad12529419b610a596754d14) Importer(815301076,1909f56bfc062723c751e8b465ee728b)
Start importing Assets/Sweet Land GUI/Sprites/Joysticks/Joystick_Walk_Cookie.png using Guid(dc3403f5ad12529419b610a596754d14) Importer(815301076,1909f56bfc062723c751e8b465ee728b)  -> (artifact id: 'f57adc9a1c72682c5c059b012bce3a82') in 0.010952 seconds
Number of updated asset objects reloaded before import = 0
Number of asset objects unloaded after import = 3
========================================================================
Received Import Request.
  Time since last request: 0.030418 seconds.
  path: Assets/Sweet Land GUI/Sprites/Joysticks/Joystick_Walk_Jelly.png
  artifactKey: Guid(8d00ad584047669458dff31e6af9c333) Importer(815301076,1909f56bfc062723c751e8b465ee728b)
Start importing Assets/Sweet Land GUI/Sprites/Joysticks/Joystick_Walk_Jelly.png using Guid(8d00ad584047669458dff31e6af9c333) Importer(815301076,1909f56bfc062723c751e8b465ee728b)  -> (artifact id: '4f52a78245394e947c7ab41a11a871e7') in 0.021229 seconds
Number of updated asset objects reloaded before import = 0
Number of asset objects unloaded after import = 3
========================================================================
Received Import Request.
  Time since last request: 0.000119 seconds.
  path: Assets/TextMesh Pro/Examples & Extras/Textures/Mask Zig-n-Zag.psd
  artifactKey: Guid(bb8dfcd263ad4eb383a33d74a720be6f) Importer(815301076,1909f56bfc062723c751e8b465ee728b)
Start importing Assets/TextMesh Pro/Examples & Extras/Textures/Mask Zig-n-Zag.psd using Guid(bb8dfcd263ad4eb383a33d74a720be6f) Importer(815301076,1909f56bfc062723c751e8b465ee728b)  -> (artifact id: '425542a78854dca42e9111dcc708ad83') in 0.004980 seconds
Number of updated asset objects reloaded before import = 0
Number of asset objects unloaded after import = 2
========================================================================
Received Import Request.
  Time since last request: 0.011199 seconds.
  path: Assets/Sweet Land GUI/Sprites/Icons/Medal.png
  artifactKey: Guid(4b28843938d1c3345b4c09b3f6f41e5a) Importer(815301076,1909f56bfc062723c751e8b465ee728b)
Start importing Assets/Sweet Land GUI/Sprites/Icons/Medal.png using Guid(4b28843938d1c3345b4c09b3f6f41e5a) Importer(815301076,1909f56bfc062723c751e8b465ee728b)  -> (artifact id: '9db22f433353bcb4b4f3a08451a3d5d7') in 0.012392 seconds
Number of updated asset objects reloaded before import = 0
Number of asset objects unloaded after import = 3
========================================================================
Received Import Request.
  Time since last request: 0.025759 seconds.
  path: Assets/Sweet Land GUI/Sprites/Joysticks/PowerUp_Not_Ready_Cookie.png
  artifactKey: Guid(60b438f752713a241ad308ebac8ce1f3) Importer(815301076,1909f56bfc062723c751e8b465ee728b)
Start importing Assets/Sweet Land GUI/Sprites/Joysticks/PowerUp_Not_Ready_Cookie.png using Guid(60b438f752713a241ad308ebac8ce1f3) Importer(815301076,1909f56bfc062723c751e8b465ee728b)  -> (artifact id: 'e987af8e769520130acf546ba784089e') in 0.022706 seconds
Number of updated asset objects reloaded before import = 0
Number of asset objects unloaded after import = 3
========================================================================
Received Import Request.
  Time since last request: 0.000022 seconds.
  path: Assets/Sweet Land GUI/Sprites/Joysticks/PowerUp_Ready_Jelly.png
  artifactKey: Guid(4585192e4b26bb140931bf64ad48d0b0) Importer(815301076,1909f56bfc062723c751e8b465ee728b)
Start importing Assets/Sweet Land GUI/Sprites/Joysticks/PowerUp_Ready_Jelly.png using Guid(4585192e4b26bb140931bf64ad48d0b0) Importer(815301076,1909f56bfc062723c751e8b465ee728b)  -> (artifact id: '04d59a4b9099984f2e64b5c35be71a8e') in 0.007307 seconds
Number of updated asset objects reloaded before import = 0
Number of asset objects unloaded after import = 3
========================================================================
Received Import Request.
  Time since last request: 0.007428 seconds.
  path: Assets/DavePixel/PirateCoin HDRP/Demo/Demo/HDRP/Light inf/ReflectionProbe-0.exr
  artifactKey: Guid(4e99d6fbfa0fdda4a9ada255e6fc364d) Importer(815301076,1909f56bfc062723c751e8b465ee728b)
Start importing Assets/DavePixel/PirateCoin HDRP/Demo/Demo/HDRP/Light inf/ReflectionProbe-0.exr using Guid(4e99d6fbfa0fdda4a9ada255e6fc364d) Importer(815301076,1909f56bfc062723c751e8b465ee728b)  -> (artifact id: 'b21412f6969ea92d7ffc50d9522bac5d') in 0.021730 seconds
Number of updated asset objects reloaded before import = 0
Number of asset objects unloaded after import = 1
========================================================================
Received Import Request.
  Time since last request: 0.014499 seconds.
  path: Assets/TextMesh Pro/Examples & Extras/Resources/Fonts & Materials/Roboto-Bold SDF.asset
  artifactKey: Guid(5302535af1044152a457ed104f1f4b91) Importer(815301076,1909f56bfc062723c751e8b465ee728b)
Start importing Assets/TextMesh Pro/Examples & Extras/Resources/Fonts & Materials/Roboto-Bold SDF.asset using Guid(5302535af1044152a457ed104f1f4b91) Importer(815301076,1909f56bfc062723c751e8b465ee728b)  -> (artifact id: 'd196d4dbcef0d29a063a5d0af03141da') in 0.027500 seconds
Number of updated asset objects reloaded before import = 0
Number of asset objects unloaded after import = 6
========================================================================
Received Import Request.
  Time since last request: 0.000012 seconds.
  path: Assets/Sweet Land GUI/Sprites/Scales/Scale_Honey_Pink_60px.png
  artifactKey: Guid(48a8d071a52f75a4591f787d22559fe2) Importer(815301076,1909f56bfc062723c751e8b465ee728b)
Start importing Assets/Sweet Land GUI/Sprites/Scales/Scale_Honey_Pink_60px.png using Guid(48a8d071a52f75a4591f787d22559fe2) Importer(815301076,1909f56bfc062723c751e8b465ee728b)  -> (artifact id: '8341e1a7cd308ce22d97de2b790b4f65') in 0.006679 seconds
Number of updated asset objects reloaded before import = 0
Number of asset objects unloaded after import = 3
========================================================================
Received Import Request.
  Time since last request: 0.006036 seconds.
  path: Assets/Sweet Land GUI/Sprites/Icons/Shop_Icon_Run_Speed.png
  artifactKey: Guid(7188dd1aa5e8d6146bd03734a6c6566c) Importer(815301076,1909f56bfc062723c751e8b465ee728b)
Start importing Assets/Sweet Land GUI/Sprites/Icons/Shop_Icon_Run_Speed.png using Guid(7188dd1aa5e8d6146bd03734a6c6566c) Importer(815301076,1909f56bfc062723c751e8b465ee728b)  -> (artifact id: '1b005e002875f90830acb27f1ed28184') in 0.022415 seconds
Number of updated asset objects reloaded before import = 0
Number of asset objects unloaded after import = 3
========================================================================
Received Import Request.
  Time since last request: 0.000013 seconds.
  path: Assets/TextMesh Pro/Examples & Extras/Textures/Sunny Days - Seamless.jpg
  artifactKey: Guid(17c350171f7a3ca479f830547c66d187) Importer(815301076,1909f56bfc062723c751e8b465ee728b)
Start importing Assets/TextMesh Pro/Examples & Extras/Textures/Sunny Days - Seamless.jpg using Guid(17c350171f7a3ca479f830547c66d187) Importer(815301076,1909f56bfc062723c751e8b465ee728b)  -> (artifact id: '2b522d322ef8e881b15e1589ce570323') in 0.005489 seconds
Number of updated asset objects reloaded before import = 0
Number of asset objects unloaded after import = 2
========================================================================
Received Import Request.
  Time since last request: 0.012859 seconds.
  path: Assets/DavePixel/PirateCoin/Demo/Texture/Table.png
  artifactKey: Guid(97db52571c1d48c49a15ac39f792654b) Importer(815301076,1909f56bfc062723c751e8b465ee728b)
Start importing Assets/DavePixel/PirateCoin/Demo/Texture/Table.png using Guid(97db52571c1d48c49a15ac39f792654b) Importer(815301076,1909f56bfc062723c751e8b465ee728b)  -> (artifact id: '66496f3cc8856509dd7957599c561757') in 0.007305 seconds
Number of updated asset objects reloaded before import = 0
Number of asset objects unloaded after import = 2
========================================================================
Received Import Request.
  Time since last request: 0.000032 seconds.
  path: Assets/Joystick Pack/Sprites/Vertical Backgrounds/Vertical_Ridged_Arrows.png
  artifactKey: Guid(9332cf0d233636a40a024382720294a3) Importer(815301076,1909f56bfc062723c751e8b465ee728b)
Start importing Assets/Joystick Pack/Sprites/Vertical Backgrounds/Vertical_Ridged_Arrows.png using Guid(9332cf0d233636a40a024382720294a3) Importer(815301076,1909f56bfc062723c751e8b465ee728b)  -> (artifact id: '1cf71da8e3061b7bdd15a0e77e663caf') in 0.020267 seconds
Number of updated asset objects reloaded before import = 0
Number of asset objects unloaded after import = 3
========================================================================
Received Import Request.
  Time since last request: 0.000075 seconds.
  path: Assets/Joystick Pack/Sprites/Vertical Backgrounds/Vertical_Ridged.png
  artifactKey: Guid(08c1fa6351174a9439d97cfc9d3307cc) Importer(815301076,1909f56bfc062723c751e8b465ee728b)
Start importing Assets/Joystick Pack/Sprites/Vertical Backgrounds/Vertical_Ridged.png using Guid(08c1fa6351174a9439d97cfc9d3307cc) Importer(815301076,1909f56bfc062723c751e8b465ee728b)  -> (artifact id: '2d0485450602d6d604e9c5bc28fc3f4d') in 0.008679 seconds
Number of updated asset objects reloaded before import = 0
Number of asset objects unloaded after import = 3
========================================================================
Received Import Request.
  Time since last request: 0.005336 seconds.
  path: Assets/TextMesh Pro/Examples & Extras/Textures/Wipe Pattern - Circle.psd
  artifactKey: Guid(10c49fcd9c64421db7c0133e61e55f97) Importer(815301076,1909f56bfc062723c751e8b465ee728b)
Start importing Assets/TextMesh Pro/Examples & Extras/Textures/Wipe Pattern - Circle.psd using Guid(10c49fcd9c64421db7c0133e61e55f97) Importer(815301076,1909f56bfc062723c751e8b465ee728b)  -> (artifact id: '920e159b3c37243fa28e4bd5331ed9d1') in 0.005853 seconds
Number of updated asset objects reloaded before import = 0
Number of asset objects unloaded after import = 2
========================================================================
Received Import Request.
  Time since last request: 0.568342 seconds.
  path: Assets/DavePixel/PirateCoin HDRP/Demo/Texture/Table.png
  artifactKey: Guid(d837d4a0509478d478c02a97e9b10abf) Importer(815301076,1909f56bfc062723c751e8b465ee728b)
Start importing Assets/DavePixel/PirateCoin HDRP/Demo/Texture/Table.png using Guid(d837d4a0509478d478c02a97e9b10abf) Importer(815301076,1909f56bfc062723c751e8b465ee728b)  -> (artifact id: '7bfb7c7bdcbb9eb598165d6a3e436f33') in 0.009231 seconds
Number of updated asset objects reloaded before import = 0
Number of asset objects unloaded after import = 2
========================================================================
Received Import Request.
  Time since last request: 10.006852 seconds.
  path: Assets/TextMesh Pro/Examples & Extras/Textures/Wipe Pattern - Radial Double.psd
  artifactKey: Guid(7631f4eff8f74ed38eb3eb9db17134e1) Importer(815301076,1909f56bfc062723c751e8b465ee728b)
Start importing Assets/TextMesh Pro/Examples & Extras/Textures/Wipe Pattern - Radial Double.psd using Guid(7631f4eff8f74ed38eb3eb9db17134e1) Importer(815301076,1909f56bfc062723c751e8b465ee728b)  -> (artifact id: 'cad1ce6e60fd00e65a0120e0a0784a02') in 0.006831 seconds
Number of updated asset objects reloaded before import = 0
Number of asset objects unloaded after import = 2
========================================================================
Received Import Request.
  Time since last request: 15.755593 seconds.
  path: Assets/DavePixel/PirateCoin/Textures/Brass/Coin_Low_lambert1_BaseColor.png
  artifactKey: Guid(f10e871c7d6aa5a4db07efaf3aa259cc) Importer(815301076,1909f56bfc062723c751e8b465ee728b)
Start importing Assets/DavePixel/PirateCoin/Textures/Brass/Coin_Low_lambert1_BaseColor.png using Guid(f10e871c7d6aa5a4db07efaf3aa259cc) Importer(815301076,1909f56bfc062723c751e8b465ee728b)  -> (artifact id: '40c5cb24819dedc43b29e38210038514') in 0.006374 seconds
Number of updated asset objects reloaded before import = 0
Number of asset objects unloaded after import = 2
========================================================================
Received Import Request.
  Time since last request: 0.037746 seconds.
  path: Assets/Sweet Land GUI/Sprites/Buttons/60px/Button_Trapezoid_Yellow_60px.png
  artifactKey: Guid(7d57ce6d0d7148841bee1204ef187ff6) Importer(815301076,1909f56bfc062723c751e8b465ee728b)
Start importing Assets/Sweet Land GUI/Sprites/Buttons/60px/Button_Trapezoid_Yellow_60px.png using Guid(7d57ce6d0d7148841bee1204ef187ff6) Importer(815301076,1909f56bfc062723c751e8b465ee728b)  -> (artifact id: '2efba9cad8e99ddc327e136860209c37') in 0.008214 seconds
Number of updated asset objects reloaded before import = 0
Number of asset objects unloaded after import = 3
========================================================================
Received Import Request.
  Time since last request: 0.000014 seconds.
  path: Assets/Sweet Land GUI/Sprites/Icons/Coin_2.png
  artifactKey: Guid(fc4dec7779e09234bb28a46f901a8dd7) Importer(815301076,1909f56bfc062723c751e8b465ee728b)
Start importing Assets/Sweet Land GUI/Sprites/Icons/Coin_2.png using Guid(fc4dec7779e09234bb28a46f901a8dd7) Importer(815301076,1909f56bfc062723c751e8b465ee728b)  -> (artifact id: 'f491c475deebec25dda52570589cd68a') in 0.007569 seconds
Number of updated asset objects reloaded before import = 0
Number of asset objects unloaded after import = 3
========================================================================
Received Import Request.
  Time since last request: 0.093223 seconds.
  path: Assets/Sweet Land GUI/Sprites/Buttons/250px/Button_Honeycomb_Yellow_250px.png
  artifactKey: Guid(164b3a5ea59153344915621cf45ba34d) Importer(815301076,1909f56bfc062723c751e8b465ee728b)
Start importing Assets/Sweet Land GUI/Sprites/Buttons/250px/Button_Honeycomb_Yellow_250px.png using Guid(164b3a5ea59153344915621cf45ba34d) Importer(815301076,1909f56bfc062723c751e8b465ee728b)  -> (artifact id: 'f00239aad18ac9335e060bbf47d7cf30') in 0.009313 seconds
Number of updated asset objects reloaded before import = 0
Number of asset objects unloaded after import = 3
========================================================================
Received Import Request.
  Time since last request: 0.034934 seconds.
  path: Assets/Sweet Land GUI/Sprites/Buttons/250px/Button_Honeycomb_White_250px.png
  artifactKey: Guid(b004df1f2914877478241552257719a5) Importer(815301076,1909f56bfc062723c751e8b465ee728b)
Start importing Assets/Sweet Land GUI/Sprites/Buttons/250px/Button_Honeycomb_White_250px.png using Guid(b004df1f2914877478241552257719a5) Importer(815301076,1909f56bfc062723c751e8b465ee728b)  -> (artifact id: '18f081bf38b7de56c9991d8e0a216a64') in 0.008639 seconds
Number of updated asset objects reloaded before import = 0
Number of asset objects unloaded after import = 3
========================================================================
Received Prepare
Refreshing native plugins compatible for Editor in 3.20 ms, found 3 plugins.
Preloading 0 native plugins for Editor in 0.00 ms.
Unloading 0 Unused Serialized files (Serialized files now loaded: 0)
Unloading 1 unused Assets / (0.8 KB). Loaded Objects now: 3667.
Memory consumption went from 74.4 MB to 74.4 MB.
Total: 3.407600 ms (FindLiveObjects: 0.261200 ms CreateObjectMapping: 0.222300 ms MarkObjects: 2.905900 ms  DeleteObjects: 0.017400 ms)

Prepare: number of updated asset objects reloaded= 0
AssetImportParameters requested are different than current active one (requested -> active):
  custom:container-demuxer-ogg: 62fdf1f143b41e24485cea50d1cbac27 -> 
  custom:video-decoder-ogg-theora: a1e56fd34408186e4bbccfd4996cb3dc -> 
  custom:framework-win-MediaFoundation: 216162199b28c13a410421893ffa2e32 -> 
  custom:container-demuxer-webm: 4f35f7cbe854078d1ac9338744f61a02 -> 
  custom:container-muxer-webm: aa71ff27fc2769a1b78a27578f13a17b -> 
  custom:video-decoder-webm-vp8: 9c59270c3fd7afecdb556c50c9e8de78 -> 
  custom:AudioImporter_EditorPlatform: d09bf68614088b80899f8185d706f6e7 -> 
  custom:video-encoder-webm-vp8: eb34c28f22e8b96e1ab97ce403110664 -> 
  custom:audio-decoder-ogg-vorbis: bf7c407c2cedff20999df2af8eb42d56 -> 
  custom:audio-encoder-webm-vorbis: bf7c407c2cedff20999df2af8eb42d56 -> 
========================================================================
Received Prepare
Refreshing native plugins compatible for Editor in 2.77 ms, found 3 plugins.
Preloading 0 native plugins for Editor in 0.00 ms.
Unloading 1 Unused Serialized files (Serialized files now loaded: 0)
Unloading 1 unused Assets / (3.0 KB). Loaded Objects now: 3667.
Memory consumption went from 74.6 MB to 74.6 MB.
Total: 3.538800 ms (FindLiveObjects: 0.233600 ms CreateObjectMapping: 0.206400 ms MarkObjects: 3.069300 ms  DeleteObjects: 0.028600 ms)

Prepare: number of updated asset objects reloaded= 0
AssetImportParameters requested are different than current active one (requested -> active):
  custom:container-demuxer-ogg: 62fdf1f143b41e24485cea50d1cbac27 -> 
  custom:video-decoder-ogg-theora: a1e56fd34408186e4bbccfd4996cb3dc -> 
  custom:framework-win-MediaFoundation: 216162199b28c13a410421893ffa2e32 -> 
  custom:container-demuxer-webm: 4f35f7cbe854078d1ac9338744f61a02 -> 
  custom:container-muxer-webm: aa71ff27fc2769a1b78a27578f13a17b -> 
  custom:video-decoder-webm-vp8: 9c59270c3fd7afecdb556c50c9e8de78 -> 
  custom:AudioImporter_EditorPlatform: d09bf68614088b80899f8185d706f6e7 -> 
  custom:video-encoder-webm-vp8: eb34c28f22e8b96e1ab97ce403110664 -> 
  custom:audio-decoder-ogg-vorbis: bf7c407c2cedff20999df2af8eb42d56 -> 
  custom:audio-encoder-webm-vorbis: bf7c407c2cedff20999df2af8eb42d56 -> 
========================================================================
Received Prepare
Refreshing native plugins compatible for Editor in 2.87 ms, found 3 plugins.
Preloading 0 native plugins for Editor in 0.00 ms.
Unloading 1 Unused Serialized files (Serialized files now loaded: 0)
Unloading 1 unused Assets / (3.0 KB). Loaded Objects now: 3667.
Memory consumption went from 74.6 MB to 74.6 MB.
Total: 3.237300 ms (FindLiveObjects: 0.236500 ms CreateObjectMapping: 0.210000 ms MarkObjects: 2.773800 ms  DeleteObjects: 0.016300 ms)

Prepare: number of updated asset objects reloaded= 0
AssetImportParameters requested are different than current active one (requested -> active):
  custom:container-demuxer-ogg: 62fdf1f143b41e24485cea50d1cbac27 -> 
  custom:video-decoder-ogg-theora: a1e56fd34408186e4bbccfd4996cb3dc -> 
  custom:framework-win-MediaFoundation: 216162199b28c13a410421893ffa2e32 -> 
  custom:container-demuxer-webm: 4f35f7cbe854078d1ac9338744f61a02 -> 
  custom:container-muxer-webm: aa71ff27fc2769a1b78a27578f13a17b -> 
  custom:video-decoder-webm-vp8: 9c59270c3fd7afecdb556c50c9e8de78 -> 
  custom:AudioImporter_EditorPlatform: d09bf68614088b80899f8185d706f6e7 -> 
  custom:video-encoder-webm-vp8: eb34c28f22e8b96e1ab97ce403110664 -> 
  custom:audio-decoder-ogg-vorbis: bf7c407c2cedff20999df2af8eb42d56 -> 
  custom:audio-encoder-webm-vorbis: bf7c407c2cedff20999df2af8eb42d56 -> 
========================================================================
Received Prepare
Begin MonoManager ReloadAssembly
Symbol file LoadedFromMemory doesn't match image C:\oyunlar\NoSurrenderDude\Library\PackageCache\com.unity.visualscripting@1.8.0\Editor\VisualScripting.Core\Dependencies\YamlDotNet\Unity.VisualScripting.YamlDotNet.dll
Symbol file LoadedFromMemory doesn't match image C:\oyunlar\NoSurrenderDude\Library\PackageCache\com.unity.visualscripting@1.8.0\Editor\VisualScripting.Core\Dependencies\DotNetZip\Unity.VisualScripting.IonicZip.dll
- Loaded All Assemblies, in  0.721 seconds
Refreshing native plugins compatible for Editor in 2.69 ms, found 3 plugins.
Native extension for WindowsStandalone target not found
Native extension for iOS target not found
Native extension for Android target not found
Native extension for WebGL target not found
Mono: successfully reloaded assembly
- Finished resetting the current domain, in  0.736 seconds
Domain Reload Profiling: 1455ms
	BeginReloadAssembly (139ms)
		ExecutionOrderSort (0ms)
		DisableScriptedObjects (5ms)
		BackupInstance (0ms)
		ReleaseScriptingObjects (0ms)
		CreateAndSetChildDomain (34ms)
	RebuildCommonClasses (38ms)
	RebuildNativeTypeToScriptingClass (11ms)
	initialDomainReloadingComplete (28ms)
	LoadAllAssembliesAndSetupDomain (503ms)
		LoadAssemblies (248ms)
		RebuildTransferFunctionScriptingTraits (0ms)
		AnalyzeDomain (318ms)
			TypeCache.Refresh (302ms)
				TypeCache.ScanAssembly (291ms)
			ScanForSourceGeneratedMonoScriptInfo (12ms)
			ResolveRequiredComponents (4ms)
	FinalizeReload (737ms)
		ReleaseScriptCaches (0ms)
		RebuildScriptCaches (0ms)
		SetupLoadedEditorAssemblies (302ms)
			LogAssemblyErrors (0ms)
			InitializePlatformSupportModulesInManaged (36ms)
			SetLoadedEditorAssemblies (4ms)
			RefreshPlugins (0ms)
			BeforeProcessingInitializeOnLoad (57ms)
			ProcessInitializeOnLoadAttributes (179ms)
			ProcessInitializeOnLoadMethodAttributes (18ms)
			AfterProcessingInitializeOnLoad (8ms)
			EditorAssembliesLoaded (0ms)
		ExecutionOrderSort2 (0ms)
		AwakeInstancesAfterBackupRestoration (6ms)
Refreshing native plugins compatible for Editor in 2.73 ms, found 3 plugins.
Preloading 0 native plugins for Editor in 0.00 ms.
Unloading 3113 Unused Serialized files (Serialized files now loaded: 0)
Unloading 22 unused Assets / (30.7 KB). Loaded Objects now: 3669.
Memory consumption went from 122.4 MB to 122.4 MB.
Total: 2.685600 ms (FindLiveObjects: 0.239700 ms CreateObjectMapping: 0.219300 ms MarkObjects: 2.189900 ms  DeleteObjects: 0.036200 ms)

Prepare: number of updated asset objects reloaded= 0
AssetImportParameters requested are different than current active one (requested -> active):
  custom:container-demuxer-ogg: 62fdf1f143b41e24485cea50d1cbac27 -> 
  custom:video-decoder-ogg-theora: a1e56fd34408186e4bbccfd4996cb3dc -> 
  custom:framework-win-MediaFoundation: 216162199b28c13a410421893ffa2e32 -> 
  custom:container-demuxer-webm: 4f35f7cbe854078d1ac9338744f61a02 -> 
  custom:container-muxer-webm: aa71ff27fc2769a1b78a27578f13a17b -> 
  custom:video-decoder-webm-vp8: 9c59270c3fd7afecdb556c50c9e8de78 -> 
  custom:AudioImporter_EditorPlatform: d09bf68614088b80899f8185d706f6e7 -> 
  custom:video-encoder-webm-vp8: eb34c28f22e8b96e1ab97ce403110664 -> 
  custom:audio-decoder-ogg-vorbis: bf7c407c2cedff20999df2af8eb42d56 -> 
  custom:audio-encoder-webm-vorbis: bf7c407c2cedff20999df2af8eb42d56 -> 
========================================================================
Received Prepare
Refreshing native plugins compatible for Editor in 161.20 ms, found 3 plugins.
Preloading 0 native plugins for Editor in 0.00 ms.
Unloading 1 Unused Serialized files (Serialized files now loaded: 0)
Unloading 1 unused Assets / (3.0 KB). Loaded Objects now: 3669.
Memory consumption went from 74.4 MB to 74.4 MB.
Total: 101.448000 ms (FindLiveObjects: 0.510000 ms CreateObjectMapping: 0.719600 ms MarkObjects: 100.189900 ms  DeleteObjects: 0.026900 ms)

Prepare: number of updated asset objects reloaded= 0
AssetImportParameters requested are different than current active one (requested -> active):
  custom:container-demuxer-ogg: 62fdf1f143b41e24485cea50d1cbac27 -> 
  custom:video-decoder-ogg-theora: a1e56fd34408186e4bbccfd4996cb3dc -> 
  custom:framework-win-MediaFoundation: 216162199b28c13a410421893ffa2e32 -> 
  custom:container-demuxer-webm: 4f35f7cbe854078d1ac9338744f61a02 -> 
  custom:container-muxer-webm: aa71ff27fc2769a1b78a27578f13a17b -> 
  custom:video-decoder-webm-vp8: 9c59270c3fd7afecdb556c50c9e8de78 -> 
  custom:AudioImporter_EditorPlatform: d09bf68614088b80899f8185d706f6e7 -> 
  custom:video-encoder-webm-vp8: eb34c28f22e8b96e1ab97ce403110664 -> 
  custom:audio-decoder-ogg-vorbis: bf7c407c2cedff20999df2af8eb42d56 -> 
  custom:audio-encoder-webm-vorbis: bf7c407c2cedff20999df2af8eb42d56 -> 
========================================================================
Received Prepare
Refreshing native plugins compatible for Editor in 2.84 ms, found 3 plugins.
Preloading 0 native plugins for Editor in 0.00 ms.
Unloading 1 Unused Serialized files (Serialized files now loaded: 0)
Unloading 1 unused Assets / (3.0 KB). Loaded Objects now: 3669.
Memory consumption went from 74.0 MB to 74.0 MB.
Total: 3.851200 ms (FindLiveObjects: 0.282100 ms CreateObjectMapping: 0.255700 ms MarkObjects: 3.289400 ms  DeleteObjects: 0.023200 ms)

Prepare: number of updated asset objects reloaded= 0
AssetImportParameters requested are different than current active one (requested -> active):
  custom:container-demuxer-ogg: 62fdf1f143b41e24485cea50d1cbac27 -> 
  custom:video-decoder-ogg-theora: a1e56fd34408186e4bbccfd4996cb3dc -> 
  custom:framework-win-MediaFoundation: 216162199b28c13a410421893ffa2e32 -> 
  custom:container-demuxer-webm: 4f35f7cbe854078d1ac9338744f61a02 -> 
  custom:container-muxer-webm: aa71ff27fc2769a1b78a27578f13a17b -> 
  custom:video-decoder-webm-vp8: 9c59270c3fd7afecdb556c50c9e8de78 -> 
  custom:AudioImporter_EditorPlatform: d09bf68614088b80899f8185d706f6e7 -> 
  custom:video-encoder-webm-vp8: eb34c28f22e8b96e1ab97ce403110664 -> 
  custom:audio-decoder-ogg-vorbis: bf7c407c2cedff20999df2af8eb42d56 -> 
  custom:audio-encoder-webm-vorbis: bf7c407c2cedff20999df2af8eb42d56 -> 
========================================================================
Received Prepare
Refreshing native plugins compatible for Editor in 2.74 ms, found 3 plugins.
Preloading 0 native plugins for Editor in 0.00 ms.
Unloading 1 Unused Serialized files (Serialized files now loaded: 0)
Unloading 1 unused Assets / (3.0 KB). Loaded Objects now: 3669.
Memory consumption went from 74.0 MB to 74.0 MB.
Total: 3.945200 ms (FindLiveObjects: 0.236800 ms CreateObjectMapping: 0.172500 ms MarkObjects: 3.516300 ms  DeleteObjects: 0.019000 ms)

Prepare: number of updated asset objects reloaded= 0
AssetImportParameters requested are different than current active one (requested -> active):
  custom:container-demuxer-ogg: 62fdf1f143b41e24485cea50d1cbac27 -> 
  custom:video-decoder-ogg-theora: a1e56fd34408186e4bbccfd4996cb3dc -> 
  custom:framework-win-MediaFoundation: 216162199b28c13a410421893ffa2e32 -> 
  custom:container-demuxer-webm: 4f35f7cbe854078d1ac9338744f61a02 -> 
  custom:container-muxer-webm: aa71ff27fc2769a1b78a27578f13a17b -> 
  custom:video-decoder-webm-vp8: 9c59270c3fd7afecdb556c50c9e8de78 -> 
  custom:AudioImporter_EditorPlatform: d09bf68614088b80899f8185d706f6e7 -> 
  custom:video-encoder-webm-vp8: eb34c28f22e8b96e1ab97ce403110664 -> 
  custom:audio-decoder-ogg-vorbis: bf7c407c2cedff20999df2af8eb42d56 -> 
  custom:audio-encoder-webm-vorbis: bf7c407c2cedff20999df2af8eb42d56 -> 
========================================================================
Received Prepare
Begin MonoManager ReloadAssembly
Symbol file LoadedFromMemory doesn't match image C:\oyunlar\NoSurrenderDude\Library\PackageCache\com.unity.visualscripting@1.8.0\Editor\VisualScripting.Core\Dependencies\YamlDotNet\Unity.VisualScripting.YamlDotNet.dll
Symbol file LoadedFromMemory doesn't match image C:\oyunlar\NoSurrenderDude\Library\PackageCache\com.unity.visualscripting@1.8.0\Editor\VisualScripting.Core\Dependencies\DotNetZip\Unity.VisualScripting.IonicZip.dll
- Loaded All Assemblies, in  0.708 seconds
Refreshing native plugins compatible for Editor in 2.93 ms, found 3 plugins.
Native extension for WindowsStandalone target not found
Native extension for iOS target not found
Native extension for Android target not found
Native extension for WebGL target not found
Mono: successfully reloaded assembly
- Finished resetting the current domain, in  0.748 seconds
Domain Reload Profiling: 1454ms
	BeginReloadAssembly (136ms)
		ExecutionOrderSort (0ms)
		DisableScriptedObjects (5ms)
		BackupInstance (0ms)
		ReleaseScriptingObjects (0ms)
		CreateAndSetChildDomain (32ms)
	RebuildCommonClasses (34ms)
	RebuildNativeTypeToScriptingClass (11ms)
	initialDomainReloadingComplete (29ms)
	LoadAllAssembliesAndSetupDomain (495ms)
		LoadAssemblies (253ms)
		RebuildTransferFunctionScriptingTraits (0ms)
		AnalyzeDomain (302ms)
			TypeCache.Refresh (286ms)
				TypeCache.ScanAssembly (276ms)
			ScanForSourceGeneratedMonoScriptInfo (12ms)
			ResolveRequiredComponents (4ms)
	FinalizeReload (749ms)
		ReleaseScriptCaches (0ms)
		RebuildScriptCaches (0ms)
		SetupLoadedEditorAssemblies (300ms)
			LogAssemblyErrors (0ms)
			InitializePlatformSupportModulesInManaged (35ms)
			SetLoadedEditorAssemblies (4ms)
			RefreshPlugins (0ms)
			BeforeProcessingInitializeOnLoad (56ms)
			ProcessInitializeOnLoadAttributes (180ms)
			ProcessInitializeOnLoadMethodAttributes (17ms)
			AfterProcessingInitializeOnLoad (7ms)
			EditorAssembliesLoaded (0ms)
		ExecutionOrderSort2 (0ms)
		AwakeInstancesAfterBackupRestoration (6ms)
Refreshing native plugins compatible for Editor in 2.73 ms, found 3 plugins.
Preloading 0 native plugins for Editor in 0.00 ms.
Unloading 3113 Unused Serialized files (Serialized files now loaded: 0)
Unloading 22 unused Assets / (30.6 KB). Loaded Objects now: 3672.
Memory consumption went from 122.4 MB to 122.4 MB.
Total: 3.611600 ms (FindLiveObjects: 0.332400 ms CreateObjectMapping: 0.247400 ms MarkObjects: 2.994000 ms  DeleteObjects: 0.037100 ms)

Prepare: number of updated asset objects reloaded= 0
AssetImportParameters requested are different than current active one (requested -> active):
  custom:container-demuxer-ogg: 62fdf1f143b41e24485cea50d1cbac27 -> 
  custom:video-decoder-ogg-theora: a1e56fd34408186e4bbccfd4996cb3dc -> 
  custom:framework-win-MediaFoundation: 216162199b28c13a410421893ffa2e32 -> 
  custom:container-demuxer-webm: 4f35f7cbe854078d1ac9338744f61a02 -> 
  custom:container-muxer-webm: aa71ff27fc2769a1b78a27578f13a17b -> 
  custom:video-decoder-webm-vp8: 9c59270c3fd7afecdb556c50c9e8de78 -> 
  custom:AudioImporter_EditorPlatform: d09bf68614088b80899f8185d706f6e7 -> 
  custom:video-encoder-webm-vp8: eb34c28f22e8b96e1ab97ce403110664 -> 
  custom:audio-decoder-ogg-vorbis: bf7c407c2cedff20999df2af8eb42d56 -> 
  custom:audio-encoder-webm-vorbis: bf7c407c2cedff20999df2af8eb42d56 -> 
========================================================================
Received Prepare
Refreshing native plugins compatible for Editor in 2.79 ms, found 3 plugins.
Preloading 0 native plugins for Editor in 0.00 ms.
Unloading 1 Unused Serialized files (Serialized files now loaded: 0)
Unloading 1 unused Assets / (3.0 KB). Loaded Objects now: 3672.
Memory consumption went from 74.4 MB to 74.4 MB.
Total: 2.800500 ms (FindLiveObjects: 0.238100 ms CreateObjectMapping: 0.212700 ms MarkObjects: 2.333600 ms  DeleteObjects: 0.015600 ms)

Prepare: number of updated asset objects reloaded= 0
AssetImportParameters requested are different than current active one (requested -> active):
  custom:container-demuxer-ogg: 62fdf1f143b41e24485cea50d1cbac27 -> 
  custom:video-decoder-ogg-theora: a1e56fd34408186e4bbccfd4996cb3dc -> 
  custom:framework-win-MediaFoundation: 216162199b28c13a410421893ffa2e32 -> 
  custom:container-demuxer-webm: 4f35f7cbe854078d1ac9338744f61a02 -> 
  custom:container-muxer-webm: aa71ff27fc2769a1b78a27578f13a17b -> 
  custom:video-decoder-webm-vp8: 9c59270c3fd7afecdb556c50c9e8de78 -> 
  custom:AudioImporter_EditorPlatform: d09bf68614088b80899f8185d706f6e7 -> 
  custom:video-encoder-webm-vp8: eb34c28f22e8b96e1ab97ce403110664 -> 
  custom:audio-decoder-ogg-vorbis: bf7c407c2cedff20999df2af8eb42d56 -> 
  custom:audio-encoder-webm-vorbis: bf7c407c2cedff20999df2af8eb42d56 -> 
========================================================================
Received Prepare
Refreshing native plugins compatible for Editor in 2.81 ms, found 3 plugins.
Preloading 0 native plugins for Editor in 0.00 ms.
Unloading 1 Unused Serialized files (Serialized files now loaded: 0)
Unloading 1 unused Assets / (3.0 KB). Loaded Objects now: 3672.
Memory consumption went from 73.8 MB to 73.8 MB.
Total: 3.754800 ms (FindLiveObjects: 0.241600 ms CreateObjectMapping: 0.179400 ms MarkObjects: 3.302100 ms  DeleteObjects: 0.017600 ms)

Prepare: number of updated asset objects reloaded= 0
AssetImportParameters requested are different than current active one (requested -> active):
  custom:container-demuxer-ogg: 62fdf1f143b41e24485cea50d1cbac27 -> 
  custom:video-decoder-ogg-theora: a1e56fd34408186e4bbccfd4996cb3dc -> 
  custom:framework-win-MediaFoundation: 216162199b28c13a410421893ffa2e32 -> 
  custom:container-demuxer-webm: 4f35f7cbe854078d1ac9338744f61a02 -> 
  custom:container-muxer-webm: aa71ff27fc2769a1b78a27578f13a17b -> 
  custom:video-decoder-webm-vp8: 9c59270c3fd7afecdb556c50c9e8de78 -> 
  custom:AudioImporter_EditorPlatform: d09bf68614088b80899f8185d706f6e7 -> 
  custom:video-encoder-webm-vp8: eb34c28f22e8b96e1ab97ce403110664 -> 
  custom:audio-decoder-ogg-vorbis: bf7c407c2cedff20999df2af8eb42d56 -> 
  custom:audio-encoder-webm-vorbis: bf7c407c2cedff20999df2af8eb42d56 -> 
========================================================================
Received Prepare
Refreshing native plugins compatible for Editor in 3.08 ms, found 3 plugins.
Preloading 0 native plugins for Editor in 0.00 ms.
Unloading 1 Unused Serialized files (Serialized files now loaded: 0)
Unloading 1 unused Assets / (3.0 KB). Loaded Objects now: 3672.
Memory consumption went from 73.8 MB to 73.8 MB.
Total: 2.641900 ms (FindLiveObjects: 0.261400 ms CreateObjectMapping: 0.237700 ms MarkObjects: 2.126000 ms  DeleteObjects: 0.016000 ms)

Prepare: number of updated asset objects reloaded= 0
AssetImportParameters requested are different than current active one (requested -> active):
  custom:container-demuxer-ogg: 62fdf1f143b41e24485cea50d1cbac27 -> 
  custom:video-decoder-ogg-theora: a1e56fd34408186e4bbccfd4996cb3dc -> 
  custom:framework-win-MediaFoundation: 216162199b28c13a410421893ffa2e32 -> 
  custom:container-demuxer-webm: 4f35f7cbe854078d1ac9338744f61a02 -> 
  custom:container-muxer-webm: aa71ff27fc2769a1b78a27578f13a17b -> 
  custom:video-decoder-webm-vp8: 9c59270c3fd7afecdb556c50c9e8de78 -> 
  custom:AudioImporter_EditorPlatform: d09bf68614088b80899f8185d706f6e7 -> 
  custom:video-encoder-webm-vp8: eb34c28f22e8b96e1ab97ce403110664 -> 
  custom:audio-decoder-ogg-vorbis: bf7c407c2cedff20999df2af8eb42d56 -> 
  custom:audio-encoder-webm-vorbis: bf7c407c2cedff20999df2af8eb42d56 -> 
========================================================================
Received Prepare
Begin MonoManager ReloadAssembly
Symbol file LoadedFromMemory doesn't match image C:\oyunlar\NoSurrenderDude\Library\PackageCache\com.unity.visualscripting@1.8.0\Editor\VisualScripting.Core\Dependencies\YamlDotNet\Unity.VisualScripting.YamlDotNet.dll
Symbol file LoadedFromMemory doesn't match image C:\oyunlar\NoSurrenderDude\Library\PackageCache\com.unity.visualscripting@1.8.0\Editor\VisualScripting.Core\Dependencies\DotNetZip\Unity.VisualScripting.IonicZip.dll
- Loaded All Assemblies, in  0.730 seconds
Refreshing native plugins compatible for Editor in 5.47 ms, found 3 plugins.
Native extension for WindowsStandalone target not found
Native extension for iOS target not found
Native extension for Android target not found
Native extension for WebGL target not found
Mono: successfully reloaded assembly
- Finished resetting the current domain, in  0.717 seconds
Domain Reload Profiling: 1445ms
	BeginReloadAssembly (135ms)
		ExecutionOrderSort (0ms)
		DisableScriptedObjects (5ms)
		BackupInstance (0ms)
		ReleaseScriptingObjects (0ms)
		CreateAndSetChildDomain (33ms)
	RebuildCommonClasses (33ms)
	RebuildNativeTypeToScriptingClass (12ms)
	initialDomainReloadingComplete (30ms)
	LoadAllAssembliesAndSetupDomain (518ms)
		LoadAssemblies (247ms)
		RebuildTransferFunctionScriptingTraits (0ms)
		AnalyzeDomain (327ms)
			TypeCache.Refresh (299ms)
				TypeCache.ScanAssembly (287ms)
			ScanForSourceGeneratedMonoScriptInfo (19ms)
			ResolveRequiredComponents (10ms)
	FinalizeReload (718ms)
		ReleaseScriptCaches (0ms)
		RebuildScriptCaches (0ms)
		SetupLoadedEditorAssemblies (298ms)
			LogAssemblyErrors (0ms)
			InitializePlatformSupportModulesInManaged (34ms)
			SetLoadedEditorAssemblies (4ms)
			RefreshPlugins (0ms)
			BeforeProcessingInitializeOnLoad (55ms)
			ProcessInitializeOnLoadAttributes (180ms)
			ProcessInitializeOnLoadMethodAttributes (18ms)
			AfterProcessingInitializeOnLoad (7ms)
			EditorAssembliesLoaded (0ms)
		ExecutionOrderSort2 (0ms)
		AwakeInstancesAfterBackupRestoration (6ms)
Refreshing native plugins compatible for Editor in 3.24 ms, found 3 plugins.
Preloading 0 native plugins for Editor in 0.00 ms.
Unloading 3113 Unused Serialized files (Serialized files now loaded: 0)
Unloading 22 unused Assets / (30.8 KB). Loaded Objects now: 3675.
Memory consumption went from 122.2 MB to 122.2 MB.
Total: 2.839800 ms (FindLiveObjects: 0.227200 ms CreateObjectMapping: 0.197000 ms MarkObjects: 2.363400 ms  DeleteObjects: 0.051500 ms)

Prepare: number of updated asset objects reloaded= 0
AssetImportParameters requested are different than current active one (requested -> active):
  custom:container-demuxer-ogg: 62fdf1f143b41e24485cea50d1cbac27 -> 
  custom:video-decoder-ogg-theora: a1e56fd34408186e4bbccfd4996cb3dc -> 
  custom:framework-win-MediaFoundation: 216162199b28c13a410421893ffa2e32 -> 
  custom:container-demuxer-webm: 4f35f7cbe854078d1ac9338744f61a02 -> 
  custom:container-muxer-webm: aa71ff27fc2769a1b78a27578f13a17b -> 
  custom:video-decoder-webm-vp8: 9c59270c3fd7afecdb556c50c9e8de78 -> 
  custom:AudioImporter_EditorPlatform: d09bf68614088b80899f8185d706f6e7 -> 
  custom:video-encoder-webm-vp8: eb34c28f22e8b96e1ab97ce403110664 -> 
  custom:audio-decoder-ogg-vorbis: bf7c407c2cedff20999df2af8eb42d56 -> 
  custom:audio-encoder-webm-vorbis: bf7c407c2cedff20999df2af8eb42d56 -> 
========================================================================
Received Prepare
Refreshing native plugins compatible for Editor in 4.50 ms, found 3 plugins.
Preloading 0 native plugins for Editor in 0.00 ms.
Unloading 1 Unused Serialized files (Serialized files now loaded: 0)
Unloading 1 unused Assets / (3.0 KB). Loaded Objects now: 3675.
Memory consumption went from 74.2 MB to 74.2 MB.
Total: 2.535200 ms (FindLiveObjects: 0.256300 ms CreateObjectMapping: 0.209800 ms MarkObjects: 2.051500 ms  DeleteObjects: 0.017000 ms)

Prepare: number of updated asset objects reloaded= 0
AssetImportParameters requested are different than current active one (requested -> active):
  custom:container-demuxer-ogg: 62fdf1f143b41e24485cea50d1cbac27 -> 
  custom:video-decoder-ogg-theora: a1e56fd34408186e4bbccfd4996cb3dc -> 
  custom:framework-win-MediaFoundation: 216162199b28c13a410421893ffa2e32 -> 
  custom:container-demuxer-webm: 4f35f7cbe854078d1ac9338744f61a02 -> 
  custom:container-muxer-webm: aa71ff27fc2769a1b78a27578f13a17b -> 
  custom:video-decoder-webm-vp8: 9c59270c3fd7afecdb556c50c9e8de78 -> 
  custom:AudioImporter_EditorPlatform: d09bf68614088b80899f8185d706f6e7 -> 
  custom:video-encoder-webm-vp8: eb34c28f22e8b96e1ab97ce403110664 -> 
  custom:audio-decoder-ogg-vorbis: bf7c407c2cedff20999df2af8eb42d56 -> 
  custom:audio-encoder-webm-vorbis: bf7c407c2cedff20999df2af8eb42d56 -> 
========================================================================
Received Prepare
Begin MonoManager ReloadAssembly
Symbol file LoadedFromMemory doesn't match image C:\oyunlar\NoSurrenderDude\Library\PackageCache\com.unity.visualscripting@1.8.0\Editor\VisualScripting.Core\Dependencies\YamlDotNet\Unity.VisualScripting.YamlDotNet.dll
Symbol file LoadedFromMemory doesn't match image C:\oyunlar\NoSurrenderDude\Library\PackageCache\com.unity.visualscripting@1.8.0\Editor\VisualScripting.Core\Dependencies\DotNetZip\Unity.VisualScripting.IonicZip.dll
- Loaded All Assemblies, in  0.672 seconds
Refreshing native plugins compatible for Editor in 2.81 ms, found 3 plugins.
Native extension for WindowsStandalone target not found
Native extension for iOS target not found
Native extension for Android target not found
Native extension for WebGL target not found
Mono: successfully reloaded assembly
- Finished resetting the current domain, in  0.780 seconds
Domain Reload Profiling: 1449ms
	BeginReloadAssembly (133ms)
		ExecutionOrderSort (0ms)
		DisableScriptedObjects (5ms)
		BackupInstance (0ms)
		ReleaseScriptingObjects (0ms)
		CreateAndSetChildDomain (33ms)
	RebuildCommonClasses (38ms)
	RebuildNativeTypeToScriptingClass (11ms)
	initialDomainReloadingComplete (28ms)
	LoadAllAssembliesAndSetupDomain (458ms)
		LoadAssemblies (260ms)
		RebuildTransferFunctionScriptingTraits (0ms)
		AnalyzeDomain (256ms)
			TypeCache.Refresh (251ms)
				TypeCache.ScanAssembly (240ms)
			ScanForSourceGeneratedMonoScriptInfo (0ms)
			ResolveRequiredComponents (5ms)
	FinalizeReload (781ms)
		ReleaseScriptCaches (0ms)
		RebuildScriptCaches (0ms)
		SetupLoadedEditorAssemblies (388ms)
			LogAssemblyErrors (0ms)
			InitializePlatformSupportModulesInManaged (42ms)
			SetLoadedEditorAssemblies (4ms)
			RefreshPlugins (0ms)
			BeforeProcessingInitializeOnLoad (65ms)
			ProcessInitializeOnLoadAttributes (248ms)
			ProcessInitializeOnLoadMethodAttributes (20ms)
			AfterProcessingInitializeOnLoad (9ms)
			EditorAssembliesLoaded (0ms)
		ExecutionOrderSort2 (0ms)
		AwakeInstancesAfterBackupRestoration (9ms)
Refreshing native plugins compatible for Editor in 3.61 ms, found 3 plugins.
Preloading 0 native plugins for Editor in 0.00 ms.
Unloading 3113 Unused Serialized files (Serialized files now loaded: 0)
Unloading 22 unused Assets / (30.7 KB). Loaded Objects now: 3678.
Memory consumption went from 122.2 MB to 122.2 MB.
Total: 3.655500 ms (FindLiveObjects: 0.264600 ms CreateObjectMapping: 0.243800 ms MarkObjects: 3.081000 ms  DeleteObjects: 0.065200 ms)

Prepare: number of updated asset objects reloaded= 0
AssetImportParameters requested are different than current active one (requested -> active):
  custom:container-demuxer-ogg: 62fdf1f143b41e24485cea50d1cbac27 -> 
  custom:video-decoder-ogg-theora: a1e56fd34408186e4bbccfd4996cb3dc -> 
  custom:framework-win-MediaFoundation: 216162199b28c13a410421893ffa2e32 -> 
  custom:container-demuxer-webm: 4f35f7cbe854078d1ac9338744f61a02 -> 
  custom:container-muxer-webm: aa71ff27fc2769a1b78a27578f13a17b -> 
  custom:video-decoder-webm-vp8: 9c59270c3fd7afecdb556c50c9e8de78 -> 
  custom:AudioImporter_EditorPlatform: d09bf68614088b80899f8185d706f6e7 -> 
  custom:video-encoder-webm-vp8: eb34c28f22e8b96e1ab97ce403110664 -> 
  custom:audio-decoder-ogg-vorbis: bf7c407c2cedff20999df2af8eb42d56 -> 
  custom:audio-encoder-webm-vorbis: bf7c407c2cedff20999df2af8eb42d56 -> 
========================================================================
Received Prepare
Begin MonoManager ReloadAssembly
Symbol file LoadedFromMemory doesn't match image C:\oyunlar\NoSurrenderDude\Library\PackageCache\com.unity.visualscripting@1.8.0\Editor\VisualScripting.Core\Dependencies\YamlDotNet\Unity.VisualScripting.YamlDotNet.dll
Symbol file LoadedFromMemory doesn't match image C:\oyunlar\NoSurrenderDude\Library\PackageCache\com.unity.visualscripting@1.8.0\Editor\VisualScripting.Core\Dependencies\DotNetZip\Unity.VisualScripting.IonicZip.dll
- Loaded All Assemblies, in  0.693 seconds
Refreshing native plugins compatible for Editor in 2.69 ms, found 3 plugins.
Native extension for WindowsStandalone target not found
Native extension for iOS target not found
Native extension for Android target not found
Native extension for WebGL target not found
Mono: successfully reloaded assembly
- Finished resetting the current domain, in  0.900 seconds
Domain Reload Profiling: 1591ms
	BeginReloadAssembly (136ms)
		ExecutionOrderSort (0ms)
		DisableScriptedObjects (5ms)
		BackupInstance (0ms)
		ReleaseScriptingObjects (0ms)
		CreateAndSetChildDomain (34ms)
	RebuildCommonClasses (31ms)
	RebuildNativeTypeToScriptingClass (11ms)
	initialDomainReloadingComplete (29ms)
	LoadAllAssembliesAndSetupDomain (482ms)
		LoadAssemblies (247ms)
		RebuildTransferFunctionScriptingTraits (0ms)
		AnalyzeDomain (294ms)
			TypeCache.Refresh (287ms)
				TypeCache.ScanAssembly (276ms)
			ScanForSourceGeneratedMonoScriptInfo (0ms)
			ResolveRequiredComponents (7ms)
	FinalizeReload (901ms)
		ReleaseScriptCaches (0ms)
		RebuildScriptCaches (0ms)
		SetupLoadedEditorAssemblies (426ms)
			LogAssemblyErrors (0ms)
			InitializePlatformSupportModulesInManaged (50ms)
			SetLoadedEditorAssemblies (6ms)
			RefreshPlugins (0ms)
			BeforeProcessingInitializeOnLoad (77ms)
			ProcessInitializeOnLoadAttributes (258ms)
			ProcessInitializeOnLoadMethodAttributes (25ms)
			AfterProcessingInitializeOnLoad (10ms)
			EditorAssembliesLoaded (0ms)
		ExecutionOrderSort2 (0ms)
		AwakeInstancesAfterBackupRestoration (9ms)
Refreshing native plugins compatible for Editor in 3.66 ms, found 3 plugins.
Preloading 0 native plugins for Editor in 0.00 ms.
Unloading 3113 Unused Serialized files (Serialized files now loaded: 0)
Unloading 22 unused Assets / (30.6 KB). Loaded Objects now: 3681.
Memory consumption went from 122.2 MB to 122.2 MB.
Total: 3.317500 ms (FindLiveObjects: 0.261900 ms CreateObjectMapping: 0.232400 ms MarkObjects: 2.778200 ms  DeleteObjects: 0.044100 ms)

Prepare: number of updated asset objects reloaded= 0
AssetImportParameters requested are different than current active one (requested -> active):
  custom:container-demuxer-ogg: 62fdf1f143b41e24485cea50d1cbac27 -> 
  custom:video-decoder-ogg-theora: a1e56fd34408186e4bbccfd4996cb3dc -> 
  custom:framework-win-MediaFoundation: 216162199b28c13a410421893ffa2e32 -> 
  custom:container-demuxer-webm: 4f35f7cbe854078d1ac9338744f61a02 -> 
  custom:container-muxer-webm: aa71ff27fc2769a1b78a27578f13a17b -> 
  custom:video-decoder-webm-vp8: 9c59270c3fd7afecdb556c50c9e8de78 -> 
  custom:AudioImporter_EditorPlatform: d09bf68614088b80899f8185d706f6e7 -> 
  custom:video-encoder-webm-vp8: eb34c28f22e8b96e1ab97ce403110664 -> 
  custom:audio-decoder-ogg-vorbis: bf7c407c2cedff20999df2af8eb42d56 -> 
  custom:audio-encoder-webm-vorbis: bf7c407c2cedff20999df2af8eb42d56 -> 
========================================================================
Received Prepare
Refreshing native plugins compatible for Editor in 2.71 ms, found 3 plugins.
Preloading 0 native plugins for Editor in 0.00 ms.
Unloading 1 Unused Serialized files (Serialized files now loaded: 0)
Unloading 1 unused Assets / (3.0 KB). Loaded Objects now: 3681.
Memory consumption went from 74.2 MB to 74.2 MB.
Total: 2.572600 ms (FindLiveObjects: 0.238700 ms CreateObjectMapping: 0.192100 ms MarkObjects: 2.124900 ms  DeleteObjects: 0.016200 ms)

Prepare: number of updated asset objects reloaded= 0
AssetImportParameters requested are different than current active one (requested -> active):
  custom:container-demuxer-ogg: 62fdf1f143b41e24485cea50d1cbac27 -> 
  custom:video-decoder-ogg-theora: a1e56fd34408186e4bbccfd4996cb3dc -> 
  custom:framework-win-MediaFoundation: 216162199b28c13a410421893ffa2e32 -> 
  custom:container-demuxer-webm: 4f35f7cbe854078d1ac9338744f61a02 -> 
  custom:container-muxer-webm: aa71ff27fc2769a1b78a27578f13a17b -> 
  custom:video-decoder-webm-vp8: 9c59270c3fd7afecdb556c50c9e8de78 -> 
  custom:AudioImporter_EditorPlatform: d09bf68614088b80899f8185d706f6e7 -> 
  custom:video-encoder-webm-vp8: eb34c28f22e8b96e1ab97ce403110664 -> 
  custom:audio-decoder-ogg-vorbis: bf7c407c2cedff20999df2af8eb42d56 -> 
  custom:audio-encoder-webm-vorbis: bf7c407c2cedff20999df2af8eb42d56 -> 
